Log file open, 06/16/21 01:51:42
LogInit:Display: Running engine for game: Nirako
LogPlatformFile: Not using cached read wrapper
LogInit:Display: RandInit(797492774) SRandInit(797492774).
LogTaskGraph: Started task graph with 5 named threads and 10 total threads with 1 sets of task threads.
LogStats: Stats thread started at 0.132695
LogPluginManager: Loaded Plugin Paper2D, From E:/UE_4.14/Engine/Plugins/2D/Paper2D/Paper2D.uplugin
LogPluginManager: Loaded Plugin LightPropagationVolume, From E:/UE_4.14/Engine/Plugins/Blendables/LightPropagationVolume/LightPropagationVolume.uplugin
LogPluginManager: Loaded Plugin BlankPlugin, From E:/UE_4.14/Engine/Plugins/Developer/BlankPlugin/BlankPlugin.uplugin
LogPluginManager: Loaded Plugin CodeLiteSourceCodeAccess, From E:/UE_4.14/Engine/Plugins/Developer/CodeLiteSourceCodeAccess/CodeLiteSourceCodeAccess.uplugin
LogPluginManager: Loaded Plugin GitSourceControl, From E:/UE_4.14/Engine/Plugins/Developer/GitSourceControl/GitSourceControl.uplugin
LogPluginManager: Loaded Plugin KDevelopSourceCodeAccess, From E:/UE_4.14/Engine/Plugins/Developer/KDevelopSourceCodeAccess/KDevelopSourceCodeAccess.uplugin
LogPluginManager: Loaded Plugin NullSourceCodeAccess, From E:/UE_4.14/Engine/Plugins/Developer/NullSourceCodeAccess/NullSourceCodeAccess.uplugin
LogPluginManager: Loaded Plugin OneSkyLocalizationService, From E:/UE_4.14/Engine/Plugins/Developer/OneSkyLocalizationService/OneSkyLocalizationService.uplugin
LogPluginManager: Loaded Plugin PerforceSourceControl, From E:/UE_4.14/Engine/Plugins/Developer/PerforceSourceControl/PerforceSourceControl.uplugin
LogPluginManager: Loaded Plugin SubversionSourceControl, From E:/UE_4.14/Engine/Plugins/Developer/SubversionSourceControl/SubversionSourceControl.uplugin
LogPluginManager: Loaded Plugin UObjectPlugin, From E:/UE_4.14/Engine/Plugins/Developer/UObjectPlugin/UObjectPlugin.uplugin
LogPluginManager: Loaded Plugin VisualStudioSourceCodeAccess, From E:/UE_4.14/Engine/Plugins/Developer/VisualStudioSourceCodeAccess/VisualStudioSourceCodeAccess.uplugin
LogPluginManager: Loaded Plugin XCodeSourceCodeAccess, From E:/UE_4.14/Engine/Plugins/Developer/XCodeSourceCodeAccess/XCodeSourceCodeAccess.uplugin
LogPluginManager: Loaded Plugin AudioCapture, From E:/UE_4.14/Engine/Plugins/Editor/AudioCapture/AudioCapture.uplugin
LogPluginManager: Loaded Plugin EpicSurvey, From E:/UE_4.14/Engine/Plugins/Editor/EpicSurvey/EpicSurvey.uplugin
LogPluginManager: Loaded Plugin MacGraphicsSwitching, From E:/UE_4.14/Engine/Plugins/Editor/MacGraphicsSwitching/MacGraphicsSwitching.uplugin
LogPluginManager: Loaded Plugin MobileLauncherProfileWizard, From E:/UE_4.14/Engine/Plugins/Editor/MobileLauncherProfileWizard/MobileLauncherProfileWizard.uplugin
LogPluginManager: Loaded Plugin PluginBrowser, From E:/UE_4.14/Engine/Plugins/Editor/PluginBrowser/PluginBrowser.uplugin
LogPluginManager: Loaded Plugin SpeedTreeImporter, From E:/UE_4.14/Engine/Plugins/Editor/SpeedTreeImporter/SpeedTreeImporter.uplugin
LogPluginManager: Loaded Plugin SuperSearchEditor, From E:/UE_4.14/Engine/Plugins/Editor/SuperSearchEditor/SuperSearchEditor.uplugin
LogPluginManager: Loaded Plugin AlembicImporter, From E:/UE_4.14/Engine/Plugins/Experimental/AlembicImporter/AlembicImporter.uplugin
LogPluginManager: Loaded Plugin BlueprintStats, From E:/UE_4.14/Engine/Plugins/Experimental/BlueprintStats/BlueprintStats.uplugin
LogPluginManager: Loaded Plugin CharacterAI, From E:/UE_4.14/Engine/Plugins/Experimental/CharacterAI/CharacterAI.uplugin
LogPluginManager: Loaded Plugin CodeEditor, From E:/UE_4.14/Engine/Plugins/Experimental/CodeEditor/CodeEditor.uplugin
LogPluginManager: Loaded Plugin CodeView, From E:/UE_4.14/Engine/Plugins/Experimental/CodeView/CodeView.uplugin
LogPluginManager: Loaded Plugin HTML5Networking, From E:/UE_4.14/Engine/Plugins/Experimental/HTML5Networking/HTML5Networking.uplugin
LogPluginManager: Loaded Plugin OSVR, From E:/UE_4.14/Engine/Plugins/Experimental/OSVR/OSVR.uplugin
LogPluginManager: Loaded Plugin Phya, From E:/UE_4.14/Engine/Plugins/Experimental/Phya/Phya.uplugin
LogPluginManager: Loaded Plugin SignificanceManager, From E:/UE_4.14/Engine/Plugins/Experimental/SignificanceManager/SignificanceManager.uplugin
LogPluginManager: Loaded Plugin SimpleHMD, From E:/UE_4.14/Engine/Plugins/Experimental/SimpleHMD/SimpleHMD.uplugin
LogPluginManager: Loaded Plugin StereoPanorama, From E:/UE_4.14/Engine/Plugins/Experimental/StereoPanorama/StereoPanorama.uplugin
LogPluginManager: Loaded Plugin StructBox, From E:/UE_4.14/Engine/Plugins/Experimental/StructBox/StructBox.uplugin
LogPluginManager: Loaded Plugin AndroidMedia, From E:/UE_4.14/Engine/Plugins/Media/AndroidMedia/AndroidMedia.uplugin
LogPluginManager: Loaded Plugin AvfMedia, From E:/UE_4.14/Engine/Plugins/Media/AvfMedia/AvfMedia.uplugin
LogPluginManager: Loaded Plugin MediaPlayerEditor, From E:/UE_4.14/Engine/Plugins/Media/MediaPlayerEditor/MediaPlayerEditor.uplugin
LogPluginManager: Loaded Plugin WmfMedia, From E:/UE_4.14/Engine/Plugins/Media/WmfMedia/WmfMedia.uplugin
LogPluginManager: Loaded Plugin MessagingDebugger, From E:/UE_4.14/Engine/Plugins/Messaging/MessagingDebugger/MessagingDebugger.uplugin
LogPluginManager: Loaded Plugin TcpMessaging, From E:/UE_4.14/Engine/Plugins/Messaging/TcpMessaging/TcpMessaging.uplugin
LogPluginManager: Loaded Plugin UdpMessaging, From E:/UE_4.14/Engine/Plugins/Messaging/UdpMessaging/UdpMessaging.uplugin
LogPluginManager: Loaded Plugin LevelSequenceEditor, From E:/UE_4.14/Engine/Plugins/MovieScene/LevelSequenceEditor/LevelSequenceEditor.uplugin
LogPluginManager: Loaded Plugin MatineeToLevelSequence, From E:/UE_4.14/Engine/Plugins/MovieScene/MatineeToLevelSequence/MatineeToLevelSequence.uplugin
LogPluginManager: Loaded Plugin NetcodeUnitTest, From E:/UE_4.14/Engine/Plugins/NetcodeUnitTest/NetcodeUnitTest/NetcodeUnitTest.uplugin
LogPluginManager: Loaded Plugin NUTUnrealEngine4, From E:/UE_4.14/Engine/Plugins/NetcodeUnitTest/NUTUnrealEngine4/NUTUnrealEngine4.uplugin
LogPluginManager: Loaded Plugin OnlineSubsystemGameCircle, From E:/UE_4.14/Engine/Plugins/Online/Android/OnlineSubsystemGameCircle/OnlineSubsystemGameCircle.uplugin
LogPluginManager: Loaded Plugin OnlineSubsystemGooglePlay, From E:/UE_4.14/Engine/Plugins/Online/Android/OnlineSubsystemGooglePlay/OnlineSubsystemGooglePlay.uplugin
LogPluginManager: Loaded Plugin OnlineSubsystemIOS, From E:/UE_4.14/Engine/Plugins/Online/IOS/OnlineSubsystemIOS/OnlineSubsystemIOS.uplugin
LogPluginManager: Loaded Plugin OnlineFramework, From E:/UE_4.14/Engine/Plugins/Online/OnlineFramework/OnlineFramework.uplugin
LogPluginManager: Loaded Plugin OnlineSubsystem, From E:/UE_4.14/Engine/Plugins/Online/OnlineSubsystem/OnlineSubsystem.uplugin
LogPluginManager: Loaded Plugin OnlineSubsystemAmazon, From E:/UE_4.14/Engine/Plugins/Online/OnlineSubsystemAmazon/OnlineSubsystemAmazon.uplugin
LogPluginManager: Loaded Plugin OnlineSubsystemFacebook, From E:/UE_4.14/Engine/Plugins/Online/OnlineSubsystemFacebook/OnlineSubsystemFacebook.uplugin
LogPluginManager: Loaded Plugin OnlineSubsystemNull, From E:/UE_4.14/Engine/Plugins/Online/OnlineSubsystemNull/OnlineSubsystemNull.uplugin
LogPluginManager: Loaded Plugin OnlineSubsystemOculus, From E:/UE_4.14/Engine/Plugins/Online/OnlineSubsystemOculus/OnlineSubsystemOculus.uplugin
LogPluginManager: Loaded Plugin OnlineSubsystemSteam, From E:/UE_4.14/Engine/Plugins/Online/OnlineSubsystemSteam/OnlineSubsystemSteam.uplugin
LogPluginManager: Loaded Plugin OnlineSubsystemUtils, From E:/UE_4.14/Engine/Plugins/Online/OnlineSubsystemUtils/OnlineSubsystemUtils.uplugin
LogPluginManager: Loaded Plugin IOSTapJoy, From E:/UE_4.14/Engine/Plugins/Runtime/Advertising/IOSTapJoy/IOSTapJoy.uplugin
LogPluginManager: Loaded Plugin AnalyticsBlueprintLibrary, From E:/UE_4.14/Engine/Plugins/Runtime/Analytics/AnalyticsBlueprintLibrary/AnalyticsBlueprintLibrary.uplugin
LogPluginManager: Loaded Plugin AnalyticsMulticast, From E:/UE_4.14/Engine/Plugins/Runtime/Analytics/AnalyticsMulticast/AnalyticsMulticast.uplugin
LogPluginManager: Loaded Plugin Apsalar, From E:/UE_4.14/Engine/Plugins/Runtime/Analytics/Apsalar/Apsalar.uplugin
LogPluginManager: Loaded Plugin FileLogging, From E:/UE_4.14/Engine/Plugins/Runtime/Analytics/FileLogging/FileLogging.uplugin
LogPluginManager: Loaded Plugin Flurry, From E:/UE_4.14/Engine/Plugins/Runtime/Analytics/Flurry/Flurry.uplugin
LogPluginManager: Loaded Plugin AndroidDeviceProfileSelector, From E:/UE_4.14/Engine/Plugins/Runtime/AndroidDeviceProfileSelector/AndroidDeviceProfileSelector.uplugin
LogPluginManager: Loaded Plugin AndroidMoviePlayer, From E:/UE_4.14/Engine/Plugins/Runtime/AndroidMoviePlayer/AndroidMoviePlayer.uplugin
LogPluginManager: Loaded Plugin AppleMoviePlayer, From E:/UE_4.14/Engine/Plugins/Runtime/AppleMoviePlayer/AppleMoviePlayer.uplugin
LogPluginManager: Loaded Plugin ArchVisCharacter, From E:/UE_4.14/Engine/Plugins/Runtime/ArchVisCharacter/ArchVisCharacter.uplugin
LogPluginManager: Loaded Plugin CableComponent, From E:/UE_4.14/Engine/Plugins/Runtime/CableComponent/CableComponent.uplugin
LogPluginManager: Loaded Plugin CustomMeshComponent, From E:/UE_4.14/Engine/Plugins/Runtime/CustomMeshComponent/CustomMeshComponent.uplugin
LogPluginManager: Loaded Plugin ExampleDeviceProfileSelector, From E:/UE_4.14/Engine/Plugins/Runtime/ExampleDeviceProfileSelector/ExampleDeviceProfileSelector.uplugin
LogPluginManager: Loaded Plugin GearVR, From E:/UE_4.14/Engine/Plugins/Runtime/GearVR/GearVR.uplugin
LogPluginManager: Loaded Plugin GoogleVRController, From E:/UE_4.14/Engine/Plugins/Runtime/GoogleVR/GoogleVRController/GoogleVRController.uplugin
LogPluginManager: Loaded Plugin GoogleVRHMD, From E:/UE_4.14/Engine/Plugins/Runtime/GoogleVR/GoogleVRHMD/GoogleVRHMD.uplugin
LogPluginManager: Loaded Plugin IOSDeviceProfileSelector, From E:/UE_4.14/Engine/Plugins/Runtime/IOSDeviceProfileSelector/IOSDeviceProfileSelector.uplugin
LogPluginManager: Loaded Plugin LeapMotion, From E:/UE_4.14/Engine/Plugins/Runtime/LeapMotion/LeapMotion.uplugin
LogPluginManager: Loaded Plugin LinuxDeviceProfileSelector, From E:/UE_4.14/Engine/Plugins/Runtime/LinuxDeviceProfileSelector/LinuxDeviceProfileSelector.uplugin
LogPluginManager: Loaded Plugin MIDIDevice, From E:/UE_4.14/Engine/Plugins/Runtime/MIDIDevice/MIDIDevice.uplugin
LogPluginManager: Loaded Plugin MobilePatchingUtils, From E:/UE_4.14/Engine/Plugins/Runtime/MobilePatchingUtils/MobilePatchingUtils.uplugin
LogPluginManager: Loaded Plugin Ansel, From E:/UE_4.14/Engine/Plugins/Runtime/Nvidia/Ansel/Ansel.uplugin
LogPluginManager: Loaded Plugin OculusAudio, From E:/UE_4.14/Engine/Plugins/Runtime/OculusAudio/OculusAudio.uplugin
LogPluginManager: Loaded Plugin OculusInput, From E:/UE_4.14/Engine/Plugins/Runtime/OculusInput/OculusInput.uplugin
LogPluginManager: Loaded Plugin OculusLibrary, From E:/UE_4.14/Engine/Plugins/Runtime/OculusLibrary/OculusLibrary.uplugin
LogPluginManager: Loaded Plugin OculusRift, From E:/UE_4.14/Engine/Plugins/Runtime/OculusRift/OculusRift.uplugin
LogPluginManager: Loaded Plugin Oodle, From E:/UE_4.14/Engine/Plugins/Runtime/PacketHandlers/CompressionComponents/Oodle/Oodle.uplugin
LogPluginManager: Loaded Plugin ProceduralMeshComponent, From E:/UE_4.14/Engine/Plugins/Runtime/ProceduralMeshComponent/ProceduralMeshComponent.uplugin
LogPluginManager: Loaded Plugin SoundMod, From E:/UE_4.14/Engine/Plugins/Runtime/SoundMod/SoundMod.uplugin
LogPluginManager: Loaded Plugin SoundVisualizations, From E:/UE_4.14/Engine/Plugins/Runtime/SoundVisualizations/SoundVisualizations.uplugin
LogPluginManager: Loaded Plugin SteamController, From E:/UE_4.14/Engine/Plugins/Runtime/Steam/SteamController/SteamController.uplugin
LogPluginManager: Loaded Plugin SteamVR, From E:/UE_4.14/Engine/Plugins/Runtime/Steam/SteamVR/SteamVR.uplugin
LogPluginManager: Loaded Plugin WebBrowserWidget, From E:/UE_4.14/Engine/Plugins/Runtime/WebBrowserWidget/WebBrowserWidget.uplugin
LogPluginManager: Loaded Plugin WindowsDeviceProfileSelector, From E:/UE_4.14/Engine/Plugins/Runtime/WindowsDeviceProfileSelector/WindowsDeviceProfileSelector.uplugin
LogPluginManager: Loaded Plugin WindowsMoviePlayer, From E:/UE_4.14/Engine/Plugins/Runtime/WindowsMoviePlayer/WindowsMoviePlayer.uplugin
LogPluginManager: Loaded Plugin ScriptPlugin, From E:/UE_4.14/Engine/Plugins/ScriptPlugin/ScriptPlugin.uplugin
LogPluginManager: Loaded Plugin SlateRemote, From E:/UE_4.14/Engine/Plugins/Slate/SlateRemote/SlateRemote.uplugin
LogPluginManager: Loaded Plugin EditorTests, From E:/UE_4.14/Engine/Plugins/Tests/EditorTests/EditorTests.uplugin
LogPluginManager: Loaded Plugin FbxAutomationTestBuilder, From E:/UE_4.14/Engine/Plugins/Tests/FbxAutomationTestBuilder/FbxAutomationTestBuilder.uplugin
LogPluginManager: Loaded Plugin FunctionalTestingEditor, From E:/UE_4.14/Engine/Plugins/Tests/FunctionalTestingEditor/FunctionalTestingEditor.uplugin
LogPluginManager: Loaded Plugin RuntimeTests, From E:/UE_4.14/Engine/Plugins/Tests/RuntimeTests/RuntimeTests.uplugin
LogPluginManager: Loaded Plugin ScreenshotTools, From E:/UE_4.14/Engine/Plugins/Tests/ScreenshotTools/ScreenshotTools.uplugin
LogInit: Using libcurl 7.47.1
LogInit:  - built for x86_64-pc-win32
LogInit:  - supports SSL with OpenSSL/1.0.2g
LogInit:  - supports HTTP deflate (compression) using libz 1.2.8
LogInit:  - other features:
LogInit:      CURL_VERSION_SSL
LogInit:      CURL_VERSION_LIBZ
LogInit:      CURL_VERSION_IPV6
LogInit:      CURL_VERSION_ASYNCHDNS
LogInit:      CURL_VERSION_LARGEFILE
LogInit:      CURL_VERSION_IDN
LogInit:  CurlRequestOptions (configurable via config and command line):
LogInit:  - bVerifyPeer = false  - Libcurl will NOT verify peer certificate
LogInit:  - bUseHttpProxy = false  - Libcurl will NOT use HTTP proxy
LogInit:  - bDontReuseConnections = false  - Libcurl will reuse connections
LogInit:  - CertBundlePath = nullptr  - Libcurl will use whatever was configured at build time.
LogInit: Build: ++UE4+Release-4.14-CL-3249277
LogInit: Engine Version: 4.14.3-3249277+++UE4+Release-4.14
LogInit: Compatible Engine Version: 4.14.0-3195953+++UE4+Release-4.14
LogInit: Net CL: 3195953
LogDevObjectVersion: Number of dev versions registered: 13
LogDevObjectVersion:   Dev-Blueprints (B0D832E4-1F89-4F0D-ACCF-7EB736FD4AA2): 7
LogDevObjectVersion:   Dev-Build (E1C64328-A22C-4D53-A36C-8E866417BD8C): 0
LogDevObjectVersion:   Dev-Core (375EC13C-06E4-48FB-B500-84F0262A717E): 1
LogDevObjectVersion:   Dev-Editor (E4B068ED-F494-42E9-A231-DA0B2E46BB41): 8
LogDevObjectVersion:   Dev-Framework (CFFC743F-43B0-4480-9391-14DF171D2073): 17
LogDevObjectVersion:   Dev-Mobile (B02B49B5-BB20-44E9-A304-32B752E40360): 0
LogDevObjectVersion:   Dev-Networking (A4E4105C-59A1-49B5-A7C5-40C4547EDFEE): 0
LogDevObjectVersion:   Dev-Online (39C831C9-5AE6-47DC-9A44-9C173E1C8E7C): 0
LogDevObjectVersion:   Dev-Physics (78F01B33-EBEA-4F98-B9B4-84EACCB95AA2): 0
LogDevObjectVersion:   Dev-Platform (6631380F-2D4D-43E0-8009-CF276956A95A): 0
LogDevObjectVersion:   Dev-Rendering (12F88B9F-8875-4AFC-A67C-D90C383ABD29): 12
LogDevObjectVersion:   Dev-Sequencer (7B5AE74C-D270-4C10-A958-57980B212A5A): 1
LogDevObjectVersion:   Dev-VR (D7296918-1DD6-4BDD-9DE2-64A83CC13884): 0
LogInit: Compiled (64-bit): Jan  6 2017 10:49:43
LogInit: Compiled with Visual C++: 19.00.23026.00
LogInit: Build Configuration: Development
LogInit: Branch Name: ++UE4+Release-4.14
LogInit: Command line: -EpicPortal  -epicusername="Nirako" -epicuserid=0c2163319f3440d9aef67033397d9ccd -epiclocale=zh-CN
LogInit: Base directory: E:/UE_4.14/Engine/Binaries/Win64/
LogInit: Installed Engine Build: 1
LogInit: Presizing for max 8388607 objects, including 0 objects not considered by GC, pre-allocating 0 bytes for permanent pool.
LogInit: Object subsystem initialized
[2021.06.15-17.51.43:110][  0]LogInit: Selected Device Profile: [Windows]
[2021.06.15-17.51.43:110][  0]LogInit: Applying CVar settings loaded from the selected device profile: [Windows]
[2021.06.15-17.51.43:118][  0]LogInit: Computer: NIRAKO
[2021.06.15-17.51.43:118][  0]LogInit: User: cjy70
[2021.06.15-17.51.43:118][  0]LogInit: CPU Page size=65536, Cores=6
[2021.06.15-17.51.43:118][  0]LogInit: High frequency timer resolution =10.000000 MHz
[2021.06.15-17.51.43:118][  0]LogMemory: Memory total: Physical=15.9GB (16GB approx)
[2021.06.15-17.51.43:118][  0]LogMemory: Platform Memory Stats for Windows
[2021.06.15-17.51.43:118][  0]LogMemory: Process Physical Memory: 267.09 MB used, 267.09 MB peak
[2021.06.15-17.51.43:118][  0]LogMemory: Process Virtual Memory: 262.55 MB used, 262.55 MB peak
[2021.06.15-17.51.43:118][  0]LogMemory: Physical Memory: 8069.48 MB used,  8247.73 MB free, 16317.21 MB total
[2021.06.15-17.51.43:118][  0]LogMemory: Virtual Memory: 4796.25 MB used,  8247.73 MB free, 134217728.00 MB total
[2021.06.15-17.51.43:185][  0]LogTextLocalizationManager:Warning: Loaded localization resources contain conflicting entries for (Namespace:UObjectToolTips, Key:AnimNode_AssetPlayerBase:InternalTimeAccumulator):
Localization Resource: (E:/UE_4.14/Engine/Content/Localization/EditorTutorials/zh-CN/EditorTutorials.locres) Source String Hash: (502993589) Localized String: (用于引用此节点中的资源的累积时间)
Localization Resource: (E:/UE_4.14/Engine/Content/Localization/Engine/zh-CN/Engine.locres) Source String Hash: (502993589) Localized String: (引用该节点中资源所用的累计时间)
[2021.06.15-17.51.43:185][  0]LogTextLocalizationManager:Warning: Loaded localization resources contain conflicting entries for (Namespace:UObjectToolTips, Key:AnimNode_AssetPlayerBase:bIgnoreForRelevancyTest):
Localization Resource: (E:/UE_4.14/Engine/Content/Localization/EditorTutorials/zh-CN/EditorTutorials.locres) Source String Hash: (319969718) Localized String: (若为真，在状态中寻找最高权重动画的“相关动画”节点将忽视 此节点)
Localization Resource: (E:/UE_4.14/Engine/Content/Localization/Engine/zh-CN/Engine.locres) Source String Hash: (319969718) Localized String: (如果为真，那么将会忽略查找最高权重动画的"相关动画"节点。
这个节点)
[2021.06.15-17.51.43:185][  0]LogTextLocalizationManager:Warning: Loaded localization resources contain conflicting entries for (Namespace:UObjectToolTips, Key:AnimNode_AssetPlayerBase:BlendWeight):
Localization Resource: (E:/UE_4.14/Engine/Content/Localization/EditorTutorials/zh-CN/EditorTutorials.locres) Source String Hash: (-1232800293) Localized String: (此节点最后交会的混合权重)
Localization Resource: (E:/UE_4.14/Engine/Content/Localization/Engine/zh-CN/Engine.locres) Source String Hash: (-1232800293) Localized String: (该节点上一次遇到的混合权重)
[2021.06.15-17.51.43:529][  0]LogD3D11RHI: D3D11 adapters:
[2021.06.15-17.51.43:630][  0]LogD3D11RHI:    0. 'NVIDIA GeForce GTX 1060 6GB' (Feature Level 11_0)
[2021.06.15-17.51.43:630][  0]LogD3D11RHI:       6052/0/8158 MB DedicatedVideo/DedicatedSystem/SharedSystem, Outputs:2, VendorId:0x10de
[2021.06.15-17.51.43:632][  0]LogD3D11RHI:    1. 'Microsoft Basic Render Driver' (Feature Level 11_0)
[2021.06.15-17.51.43:632][  0]LogD3D11RHI:       0/0/8158 MB DedicatedVideo/DedicatedSystem/SharedSystem, Outputs:0, VendorId:0x1414
[2021.06.15-17.51.43:632][  0]LogD3D11RHI: Chosen D3D11 Adapter: 0
[2021.06.15-17.51.43:640][  0]LogD3D11RHI: Creating new Direct3DDevice
[2021.06.15-17.51.43:640][  0]LogD3D11RHI:     GPU DeviceId: 0x1c03 (for the marketing name, search the web for "GPU Device Id")
[2021.06.15-17.51.43:640][  0]LogWindows: EnumDisplayDevices:
[2021.06.15-17.51.43:640][  0]LogWindows:    0. 'NVIDIA GeForce GTX 1060 6GB' (P:1 D:1)
[2021.06.15-17.51.43:641][  0]LogWindows:    1. 'NVIDIA GeForce GTX 1060 6GB' (P:0 D:1)
[2021.06.15-17.51.43:641][  0]LogWindows:    2. 'NVIDIA GeForce GTX 1060 6GB' (P:0 D:0)
[2021.06.15-17.51.43:641][  0]LogWindows:    3. 'NVIDIA GeForce GTX 1060 6GB' (P:0 D:0)
[2021.06.15-17.51.43:641][  0]LogWindows: DebugString: GetVideoDriverDetailsInvalid PrimaryIsNotTheChoosenAdapter GetVideoDriverDetailsInvalid PrimaryIsNotTheChoosenAdapter GetVideoDriverDetailsInvalid PrimaryIsNotTheChoosenAdapter GetVideoDriverDetailsInvalid PrimaryIsNotTheChoosenAdapter FoundDriverCount:0 
[2021.06.15-17.51.43:641][  0]LogD3D11RHI:     Adapter Name: NVIDIA GeForce GTX 1060 6GB
[2021.06.15-17.51.43:641][  0]LogD3D11RHI:   Driver Version: Unknown (internal:Unknown, unified:Unknown)
[2021.06.15-17.51.43:641][  0]LogD3D11RHI:      Driver Date: Unknown
[2021.06.15-17.51.43:641][  0]LogRHI: Texture pool is 1361 MB (70% of 1945 MB)
[2021.06.15-17.51.43:720][  0]LogD3D11RHI: Async texture creation enabled
[2021.06.15-17.51.43:733][  0]LogD3D11RHI: GPU Timing Frequency: 1000.000000 (Debug: 2 1)
[2021.06.15-17.51.43:734][  0]LogShaderCompilers: Guid format shader working directory is -2 characters bigger than the processId version (C:/Users/cjy70/Documents/Unreal Projects/Nirako/Intermediate/Shaders/WorkingDirectory/26364/).
[2021.06.15-17.51.43:734][  0]LogShaderCompilers: Cleaned the shader compiler working directory 'C:/Users/cjy70/AppData/Local/Temp/UnrealShaderWorkingDir/93847E874DACB9B738403EAA9F6DA4E7/'.
[2021.06.15-17.51.43:734][  0]LogShaderCompilers:Display: Using Local Shader Compiler.
[2021.06.15-17.51.44:694][  0]LogTemp:Display: Loaded TP AllDesktopTargetPlatform
[2021.06.15-17.51.44:739][  0]LogTemp:Display: Loaded TP MacClientTargetPlatform
[2021.06.15-17.51.44:785][  0]LogTemp:Display: Loaded TP MacNoEditorTargetPlatform
[2021.06.15-17.51.44:832][  0]LogTemp:Display: Loaded TP MacServerTargetPlatform
[2021.06.15-17.51.44:876][  0]LogTemp:Display: Loaded TP MacTargetPlatform
[2021.06.15-17.51.44:920][  0]LogTemp:Display: Loaded TP WindowsClientTargetPlatform
[2021.06.15-17.51.44:964][  0]LogTemp:Display: Loaded TP WindowsNoEditorTargetPlatform
[2021.06.15-17.51.45:008][  0]LogTemp:Display: Loaded TP WindowsServerTargetPlatform
[2021.06.15-17.51.45:044][  0]LogTemp:Display: Loaded TP WindowsTargetPlatform
[2021.06.15-17.51.45:088][  0]LogTemp:Display: Loaded TP AndroidTargetPlatform
[2021.06.15-17.51.45:132][  0]LogTemp:Display: Loaded TP Android_ASTCTargetPlatform
[2021.06.15-17.51.45:174][  0]LogTemp:Display: Loaded TP Android_ATCTargetPlatform
[2021.06.15-17.51.45:218][  0]LogTemp:Display: Loaded TP Android_DXTTargetPlatform
[2021.06.15-17.51.45:262][  0]LogTemp:Display: Loaded TP Android_ETC1TargetPlatform
[2021.06.15-17.51.45:305][  0]LogTemp:Display: Loaded TP Android_ETC2TargetPlatform
[2021.06.15-17.51.45:393][  0]LogTemp:Display: Loaded TP Android_MultiTargetPlatform
[2021.06.15-17.51.45:393][  0]LogTemp:Display: Loaded TP Android_PVRTCTargetPlatform
[2021.06.15-17.51.45:424][  0]LogTemp:Display: Loaded TP HTML5TargetPlatform
[2021.06.15-17.51.45:498][  0]LogTemp:Display: Loaded TP IOSTargetPlatform
[2021.06.15-17.51.45:527][  0]LogTemp:Display: Loaded TP TVOSTargetPlatform
[2021.06.15-17.51.45:570][  0]LogTemp:Display: Loaded TP LinuxClientTargetPlatform
[2021.06.15-17.51.45:613][  0]LogTemp:Display: Loaded TP LinuxNoEditorTargetPlatform
[2021.06.15-17.51.45:655][  0]LogTemp:Display: Loaded TP LinuxServerTargetPlatform
[2021.06.15-17.51.45:698][  0]LogTemp:Display: Loaded TP LinuxTargetPlatform
[2021.06.15-17.51.45:698][  0]LogTargetPlatformManager:Display: Building Assets For Windows
[2021.06.15-17.51.46:035][  0]LogDerivedDataCache:Display: Max Cache Size: 512 MB
[2021.06.15-17.51.46:074][  0]LogDerivedDataCache: Loaded boot cache 0.04s 56MB C:/Users/cjy70/AppData/Local/UnrealEngine/4.14/DerivedDataCache/Boot.ddc.
[2021.06.15-17.51.46:074][  0]LogDerivedDataCache:Display: Loaded Boot cache: C:/Users/cjy70/AppData/Local/UnrealEngine/4.14/DerivedDataCache/Boot.ddc
[2021.06.15-17.51.46:074][  0]LogDerivedDataCache: FDerivedDataBackendGraph:  Pak pak cache file C:/Users/cjy70/Documents/Unreal Projects/Nirako/DerivedDataCache/DDC.ddp not found, will not use a pak cache.
[2021.06.15-17.51.46:074][  0]LogDerivedDataCache: Unable to find inner node Pak for hierarchical cache Hierarchy.
[2021.06.15-17.51.46:074][  0]LogDerivedDataCache: FDerivedDataBackendGraph:  CompressedPak pak cache file C:/Users/cjy70/Documents/Unreal Projects/Nirako/DerivedDataCache/Compressed.ddp not found, will not use a pak cache.
[2021.06.15-17.51.46:074][  0]LogDerivedDataCache: Unable to find inner node CompressedPak for hierarchical cache Hierarchy.
[2021.06.15-17.51.46:086][  0]LogDerivedDataCache:Display: Pak cache opened for reading ../../../Engine/DerivedDataCache/Compressed.ddp.
[2021.06.15-17.51.46:100][  0]LogDerivedDataCache: Using Local data cache path C:/Users/cjy70/AppData/Local/UnrealEngine/Common/DerivedDataCache: Writable
[2021.06.15-17.51.46:260][  0]LogInit: Selected Device Profile: [Windows]
[2021.06.15-17.51.46:263][  0]LogContentStreaming: Texture pool size is 0.00 MB
[2021.06.15-17.51.46:428][  0]LogMeshUtilities: Using QuadricMeshReduction for automatic static mesh reduction
[2021.06.15-17.51.46:464][  0]LogSimplygon: Simplygon DLL not present - disabling.
[2021.06.15-17.51.46:502][  0]LogMeshUtilities: Using SimplygonSwarm for distributed automatic mesh merging
[2021.06.15-17.51.46:502][  0]LogMeshUtilities: No automatic skeletal mesh reduction module available
[2021.06.15-17.51.46:502][  0]LogMeshUtilities: No automatic mesh merging module available
[2021.06.15-17.51.46:891][  0]LogNetVersion: GetLocalNetworkVersion: CL: 3195953, ProjectName: nirako, ProjectVersion: , EngineNetworkVersion: 2, GameNetworkVersion: 0, NetworkChecksum: 2309937064
[2021.06.15-17.51.46:942][  0]LogAssetRegistry: FAssetRegistry took 0.0223 seconds to start up
[2021.06.15-17.51.47:023][  0]LogPackageLocalizationCache: Processed 3 localized package path(s) for 4 prioritized culture(s) in 0.063897 seconds
[2021.06.15-17.51.47:027][  0]LogUObjectArray: 31946 objects as part of root set at end of initial load.
[2021.06.15-17.51.47:027][  0]LogUObjectAllocator: 6935848 out of 0 bytes used by permanent object pool.
[2021.06.15-17.51.47:027][  0]LogUObjectArray: CloseDisregardForGC: 0/0 objects in disregard for GC pool
[2021.06.15-17.51.47:078][  0]LogInit: WinSock: version 1.1 (2.2), MaxSocks=32767, MaxUdp=65467
[2021.06.15-17.51.47:730][  0]LogSlate: Using Freetype 2.6.0
[2021.06.15-17.51.47:731][  0]LogSlate: SlateFontCache - WITH_FREETYPE: 1, WITH_HARFBUZZ: 1
[2021.06.15-17.51.47:731][  0]LogSlate: SlateFontCache - WITH_FREETYPE: 1, WITH_HARFBUZZ: 1
[2021.06.15-17.51.48:370][  0]LogTcpMessaging: Initializing TcpMessaging bridge
[2021.06.15-17.51.48:417][  0]LogUdpMessaging: Initializing bridge on interface 0.0.0.0:0 to multicast group 230.0.0.1:6666.
[2021.06.15-17.51.48:684][  0]LogMaterial: Uniform references updated for custom material expression Custom.
[2021.06.15-17.51.48:997][  0]SourceControl: 信息 源码控制已禁用
[2021.06.15-17.51.48:998][  0]SourceControl: 信息 源码控制已禁用
[2021.06.15-17.51.49:035][  0]SourceControl: 信息 源码控制已禁用
[2021.06.15-17.51.49:072][  0]SourceControl: 信息 源码控制已禁用
[2021.06.15-17.51.50:082][  0]LogEngine: Initializing Engine...
[2021.06.15-17.51.50:083][  0]LogHMD: Failed to initialize OpenVR with code 110
[2021.06.15-17.51.50:272][  0]LogAIModule: Creating AISystem for world Untitled
[2021.06.15-17.51.50:306][  0]LogInit: XAudio2 using '扬声器 (HyperX Amp Game)' : 2 channels at 48 kHz using 16 bits per sample (channel mask 0x3)
[2021.06.15-17.51.50:328][  0]LogInit: FAudioDevice initialized.
[2021.06.15-17.51.50:353][  0]LogDerivedDataCache: Saved boot cache 0.03s 56MB C:/Users/cjy70/AppData/Local/UnrealEngine/4.14/DerivedDataCache/Boot.ddc.
[2021.06.15-17.51.50:357][  0]LogInit: Texture streaming: Enabled
[2021.06.15-17.51.50:519][  0]LogInit: Transaction tracking system initialized
[2021.06.15-17.51.50:800][  0]BlueprintLog: New page: 编辑器加载
[2021.06.15-17.51.51:563][  0]LocalizationService: 信息 本地化服务已被禁用
[2021.06.15-17.51.52:116][  0]LogConsoleResponse:Display: 
[2021.06.15-17.51.52:217][  0]LogCook:Display: Max memory allowance for cook 16384mb min free memory 0mb
[2021.06.15-17.51.52:217][  0]LogCook:Display: Mobile HDR setting 1
[2021.06.15-17.51.52:741][  0]LogFileCache: Scanning file cache for directory 'C:/Users/cjy70/Documents/Unreal Projects/Nirako/Content/' took 0.01s
[2021.06.15-17.51.52:984][  0]SourceControl: 信息 源码控制已禁用
[2021.06.15-17.51.52:984][  0]Cmd: MAP LOAD FILE="C:/Users/cjy70/Documents/Unreal Projects/Nirako/Content/SideScrollerBP/Maps/SideScrollerExampleMap.umap" TEMPLATE=0 SHOWPROGRESS=1 FEATURELEVEL=3
[2021.06.15-17.51.52:985][  0]LightingResults: New page: 光照构建
[2021.06.15-17.51.53:018][  0]MapCheck: New page: 地图检测
[2021.06.15-17.51.53:018][  0]LightingResults: New page: 光照构建
[2021.06.15-17.51.53:342][  0]LogTexture:Display: 正在构建贴图: HQ_Lightmap0_1 (AutoDXT)
[2021.06.15-17.51.53:744][  0]LogTexture:Display: 正在构建贴图: HQ_Lightmap0_2 (AutoDXT)
[2021.06.15-17.51.53:775][  0]LogTexture:Display: 正在构建贴图: LQ_Lightmap_0_1 (DXT1)
[2021.06.15-17.51.53:922][  0]LogTexture:Display: 正在构建贴图: LQ_Lightmap_0_2 (DXT1)
[2021.06.15-17.51.53:947][  0]LogTexture:Display: 正在构建贴图: SkyOcclusion0_1 (AutoDXT)
[2021.06.15-17.51.54:160][  0]LogTexture:Display: 正在构建贴图: SkyOcclusion0_2 (AutoDXT)
[2021.06.15-17.51.54:209][  0]LogAIModule: Creating AISystem for world SideScrollerExampleMap
[2021.06.15-17.51.54:235][  0]LogEditorServer: Finished looking for orphan Actors (0.000 secs)
[2021.06.15-17.51.54:235][  0]Cmd: MAP CHECKDEP NOCLEARLOG
[2021.06.15-17.51.54:266][  0]MapCheck: 信息 地图检测完成：0个错误，0 个警告，用时30.135毫秒完成。
[2021.06.15-17.51.54:266][  0]LogFileHelpers: Loading map 'SideScrollerExampleMap' took 1.281
[2021.06.15-17.51.54:443][  0]LogCollectionManager: Loaded 0 collections in 0.000681 seconds
[2021.06.15-17.51.54:516][  0]LogFileCache: Scanning file cache for directory 'C:/Users/cjy70/Documents/Unreal Projects/Nirako/Saved/Collections/' took 0.01s
[2021.06.15-17.51.54:516][  0]LogFileCache: Scanning file cache for directory 'C:/Users/cjy70/Documents/Unreal Projects/Nirako/Content/Developers/cjy70/Collections/' took 0.01s
[2021.06.15-17.51.54:516][  0]LogFileCache: Scanning file cache for directory 'C:/Users/cjy70/Documents/Unreal Projects/Nirako/Content/Collections/' took 0.01s
[2021.06.15-17.51.54:516][  0]LogCollectionManager: Rebuilt the GUID cache for 0 collections in 0.000002 seconds
[2021.06.15-17.51.54:523][  0]LogContentBrowser: Native class hierarchy populated in 0.0069 seconds. Added 2190 classes and 428 folders.
[2021.06.15-17.51.54:558][  0]LogStats: UGameplayTagsManager::ConstructGameplayTagTree: Construct from data asset -  0.000 s
[2021.06.15-17.51.54:558][  0]LogStats: UGameplayTagsManager::ConstructGameplayTagTree: GameplayTagTreeChangedEvent.Broadcast -  0.000 s
[2021.06.15-17.51.54:558][  0]LogContentBrowser: Native class hierarchy updated for 'GameplayTags' in 0.0005 seconds. Added 13 classes and 0 folders.
[2021.06.15-17.51.54:609][  0]LogContentBrowser: Native class hierarchy updated for 'WidgetCarousel' in 0.0004 seconds. Added 0 classes and 0 folders.
[2021.06.15-17.51.54:641][  0]LogContentBrowser: Native class hierarchy updated for 'AddContentDialog' in 0.0004 seconds. Added 0 classes and 0 folders.
[2021.06.15-17.51.54:677][  0]LogContentBrowser: Native class hierarchy updated for 'SceneOutliner' in 0.0004 seconds. Added 1 classes and 2 folders.
[2021.06.15-17.51.54:709][  0]LogCrashTracker: Crashtracker disabled due to settings.
[2021.06.15-17.51.54:816][  0]LogContentBrowser: Native class hierarchy updated for 'HierarchicalLODOutliner' in 0.0004 seconds. Added 1 classes and 2 folders.
[2021.06.15-17.51.54:816][  0]LogLoad: (Engine Initialization) Total time: 13.01 seconds
[2021.06.15-17.51.54:816][  0]LogLoad: (Engine Initialization) Total Blueprint compile time: 0.10 seconds
[2021.06.15-17.51.54:816][  0]LogExternalProfiler: No external profilers were discovered.  External profiling features will not be available.
[2021.06.15-17.51.54:826][  0]LogOcInput: OculusInput pre-init called
[2021.06.15-17.51.54:845][  0]LogAssetRegistry: Asset discovery search completed in 7.9258 seconds
[2021.06.15-17.51.54:845][  0]LogCollectionManager: Rebuilt the object cache for 0 collections in 0.000001 seconds (found 0 objects)
[2021.06.15-17.51.54:845][  0]LogCollectionManager: Fixed up redirectors for 0 collections in 0.000012 seconds (updated 0 objects)
[2021.06.15-17.51.54:848][  0]LogContentStreaming: Texture pool size now 1000 MB
[2021.06.15-17.51.54:986][  0]LogRenderer: Reallocating scene render targets to support 1208x580 NumSamples 1 (Frame:2).
[2021.06.15-17.52.06:603][303]LogContentBrowser: Native class hierarchy updated for 'BlueprintGraph' in 0.0007 seconds. Added 111 classes and 0 folders.
[2021.06.15-17.52.29:719][507]BlueprintLog: New page: 编译SideScrollerCharacter
[2021.06.15-17.52.29:750][507]LogUObjectGlobals:Warning: Guid referenced by CapsuleComponent /Game/SideScrollerBP/Maps/SideScrollerExampleMap.SideScrollerExampleMap:PersistentLevel.SideScrollerCharacter_78.CollisionCylinder is already used by CapsuleComponent /Game/SideScrollerBP/Maps/SideScrollerExampleMap.SideScrollerExampleMap:PersistentLevel.REINST_SideScrollerCharacter_C_0.CollisionCylinder, which should never happen in the editor but could happen at runtime with duplicate level loading or PIE
[2021.06.15-17.52.29:750][507]LogUObjectGlobals:Warning: Guid referenced by ArrowComponent /Game/SideScrollerBP/Maps/SideScrollerExampleMap.SideScrollerExampleMap:PersistentLevel.SideScrollerCharacter_78.Arrow is already used by ArrowComponent /Game/SideScrollerBP/Maps/SideScrollerExampleMap.SideScrollerExampleMap:PersistentLevel.REINST_SideScrollerCharacter_C_0.Arrow, which should never happen in the editor but could happen at runtime with duplicate level loading or PIE
[2021.06.15-17.52.29:750][507]LogUObjectGlobals:Warning: Guid referenced by CharacterMovementComponent /Game/SideScrollerBP/Maps/SideScrollerExampleMap.SideScrollerExampleMap:PersistentLevel.SideScrollerCharacter_78.CharMoveComp is already used by CharacterMovementComponent /Game/SideScrollerBP/Maps/SideScrollerExampleMap.SideScrollerExampleMap:PersistentLevel.REINST_SideScrollerCharacter_C_0.CharMoveComp, which should never happen in the editor but could happen at runtime with duplicate level loading or PIE
[2021.06.15-17.52.29:750][507]LogUObjectGlobals:Warning: Guid referenced by SkeletalMeshComponent /Game/SideScrollerBP/Maps/SideScrollerExampleMap.SideScrollerExampleMap:PersistentLevel.SideScrollerCharacter_78.CharacterMesh0 is already used by SkeletalMeshComponent /Game/SideScrollerBP/Maps/SideScrollerExampleMap.SideScrollerExampleMap:PersistentLevel.REINST_SideScrollerCharacter_C_0.CharacterMesh0, which should never happen in the editor but could happen at runtime with duplicate level loading or PIE
[2021.06.15-17.52.42:609][789]BlueprintLog: New page: 编译SideScrollerCharacter
[2021.06.15-17.55.57:280][194]BlueprintLog: New page: 编译SideScrollerCharacter
[2021.06.15-17.58.54:048][882]BlueprintLog: New page: 编译SideScrollerCharacter
[2021.06.15-17.58.58:039][177]LogEditorViewport: Clicking on Actor (LMB): StaticMeshActor (Wall3)
[2021.06.15-17.59.00:185][379]LogTemp: Repeting last play command: 选中的视口
[2021.06.15-17.59.00:209][379]LogBlueprintUserMessages: Early PlayInEditor Detection: Level '/Game/SideScrollerBP/Maps/SideScrollerExampleMap.SideScrollerExampleMap:PersistentLevel' has LevelScriptBlueprint '/Game/SideScrollerBP/Maps/SideScrollerExampleMap.SideScrollerExampleMap:PersistentLevel.SideScrollerExampleMap' with GeneratedClass '/Game/SideScrollerBP/Maps/SideScrollerExampleMap.SideScrollerExampleMap_C' with ClassGeneratedBy '/Game/SideScrollerBP/Maps/SideScrollerExampleMap.SideScrollerExampleMap:PersistentLevel.SideScrollerExampleMap'
[2021.06.15-17.59.00:209][379]LogPlayLevel: PlayLevel: No blueprints needed recompiling
[2021.06.15-17.59.00:222][379]PIE: New page: PIE会话: SideScrollerExampleMap (2021年6月16日 上午9:59:00)
[2021.06.15-17.59.00:236][379]LogPlayLevel: Creating play world package: /Game/SideScrollerBP/Maps/UEDPIE_0_SideScrollerExampleMap
[2021.06.15-17.59.00:253][379]LogPlayLevel: PIE: StaticDuplicateObject took: (0.017708s)
[2021.06.15-17.59.00:254][379]LogAIModule: Creating AISystem for world SideScrollerExampleMap
[2021.06.15-17.59.00:254][379]LogPlayLevel: PIE: World Init took: (0.000760s)
[2021.06.15-17.59.00:254][379]LogPlayLevel: PIE: Created PIE world by copying editor world from /Game/SideScrollerBP/Maps/SideScrollerExampleMap.SideScrollerExampleMap to /Game/SideScrollerBP/Maps/UEDPIE_0_SideScrollerExampleMap.SideScrollerExampleMap (0.018908s)
[2021.06.15-17.59.00:294][379]LogInit: XAudio2 using '扬声器 (HyperX Amp Game)' : 2 channels at 48 kHz using 16 bits per sample (channel mask 0x3)
[2021.06.15-17.59.00:309][379]LogInit: FAudioDevice initialized.
[2021.06.15-17.59.00:376][379]LogLoad: Game class is 'SideScrollerGameMode_C'
[2021.06.15-17.59.00:385][379]LogWorld: Bringing World /Game/SideScrollerBP/Maps/UEDPIE_0_SideScrollerExampleMap.SideScrollerExampleMap up for play (max tick rate 0) at 2021.06.16-01.59.00
[2021.06.15-17.59.00:386][379]LogWorld: Bringing up level for play took: 0.001542
[2021.06.15-17.59.00:425][379]LogContentBrowser: Native class hierarchy updated for 'MovieSceneCapture' in 0.0005 seconds. Added 11 classes and 0 folders.
[2021.06.15-17.59.00:426][379]PIE: 信息 /Game/SideScrollerBP/Maps/UEDPIE_0_SideScrollerExampleMap的‘在编辑器中播放’的起始时间0.183
[2021.06.15-17.59.00:426][379]LogBlueprintUserMessages: Late PlayInEditor Detection: Level '/Game/SideScrollerBP/Maps/SideScrollerExampleMap.SideScrollerExampleMap:PersistentLevel' has LevelScriptBlueprint '/Game/SideScrollerBP/Maps/SideScrollerExampleMap.SideScrollerExampleMap:PersistentLevel.SideScrollerExampleMap' with GeneratedClass '/Game/SideScrollerBP/Maps/SideScrollerExampleMap.SideScrollerExampleMap_C' with ClassGeneratedBy '/Game/SideScrollerBP/Maps/SideScrollerExampleMap.SideScrollerExampleMap:PersistentLevel.SideScrollerExampleMap'
[2021.06.15-17.59.01:605][513]LogBlueprintUserMessages: [SideScrollerCharacter_78] -1
[2021.06.15-17.59.01:718][527]LogBlueprintUserMessages: [SideScrollerCharacter_78] -2
[2021.06.15-17.59.01:884][547]LogBlueprintUserMessages: [SideScrollerCharacter_78] -3
[2021.06.15-17.59.02:051][567]LogBlueprintUserMessages: [SideScrollerCharacter_78] -4
[2021.06.15-17.59.02:202][585]LogBlueprintUserMessages: [SideScrollerCharacter_78] -5
[2021.06.15-17.59.02:353][603]LogBlueprintUserMessages: [SideScrollerCharacter_78] -6
[2021.06.15-17.59.02:511][622]LogBlueprintUserMessages: [SideScrollerCharacter_78] -7
[2021.06.15-17.59.02:669][641]LogBlueprintUserMessages: [SideScrollerCharacter_78] -8
[2021.06.15-17.59.02:844][662]LogBlueprintUserMessages: [SideScrollerCharacter_78] -9
[2021.06.15-17.59.02:994][680]LogBlueprintUserMessages: [SideScrollerCharacter_78] -10
[2021.06.15-17.59.03:170][701]LogBlueprintUserMessages: [SideScrollerCharacter_78] -11
[2021.06.15-17.59.03:337][721]LogBlueprintUserMessages: [SideScrollerCharacter_78] -12
[2021.06.15-17.59.03:511][742]LogBlueprintUserMessages: [SideScrollerCharacter_78] -13
[2021.06.15-17.59.03:694][764]LogBlueprintUserMessages: [SideScrollerCharacter_78] -14
[2021.06.15-17.59.04:178][822]LogBlueprintUserMessages: [SideScrollerCharacter_78] -15
[2021.06.15-17.59.05:370][965]LogBlueprintUserMessages: [SideScrollerCharacter_78] -16
[2021.06.15-17.59.07:154][179]LogBlueprintUserMessages: Early EndPlayMap Detection: Level '/Game/SideScrollerBP/Maps/SideScrollerExampleMap.SideScrollerExampleMap:PersistentLevel' has LevelScriptBlueprint '/Game/SideScrollerBP/Maps/SideScrollerExampleMap.SideScrollerExampleMap:PersistentLevel.SideScrollerExampleMap' with GeneratedClass '/Game/SideScrollerBP/Maps/SideScrollerExampleMap.SideScrollerExampleMap_C' with ClassGeneratedBy '/Game/SideScrollerBP/Maps/SideScrollerExampleMap.SideScrollerExampleMap:PersistentLevel.SideScrollerExampleMap'
[2021.06.15-17.59.07:235][179]LogBlueprintUserMessages: Late EndPlayMap Detection: Level '/Game/SideScrollerBP/Maps/SideScrollerExampleMap.SideScrollerExampleMap:PersistentLevel' has LevelScriptBlueprint '/Game/SideScrollerBP/Maps/SideScrollerExampleMap.SideScrollerExampleMap:PersistentLevel.SideScrollerExampleMap' with GeneratedClass '/Game/SideScrollerBP/Maps/SideScrollerExampleMap.SideScrollerExampleMap_C' with ClassGeneratedBy '/Game/SideScrollerBP/Maps/SideScrollerExampleMap.SideScrollerExampleMap:PersistentLevel.SideScrollerExampleMap'
[2021.06.15-17.59.17:746][111]LogSavePackage: Save=45.28ms
[2021.06.15-17.59.17:746][111]LogSavePackage: Moving 'C:/Users/cjy70/Documents/Unreal Projects/Nirako/Saved/SideScrollerCharacterBC3B9C7740FCA544AECE7E90FEDD9F9B.tmp' to 'C:/Users/cjy70/Documents/Unreal Projects/Nirako/Content/SideScrollerBP/Blueprints/SideScrollerCharacter.uasset'
[2021.06.15-17.59.17:752][111]LogSavePackage:Display: Finished SavePackage C:/Users/cjy70/Documents/Unreal Projects/Nirako/Content/SideScrollerBP/Blueprints/SideScrollerCharacter.uasset
[2021.06.15-17.59.18:608][181]BlueprintLog: New page: 编译SideScrollerCharacter
[2021.06.15-17.59.21:322][352]LogEditorViewport: Clicking on Actor (LMB): StaticMeshActor (Wall3)
[2021.06.15-17.59.21:744][387]LogTemp: Repeting last play command: 选中的视口
[2021.06.15-17.59.21:748][387]LogBlueprintUserMessages: Early PlayInEditor Detection: Level '/Game/SideScrollerBP/Maps/SideScrollerExampleMap.SideScrollerExampleMap:PersistentLevel' has LevelScriptBlueprint '/Game/SideScrollerBP/Maps/SideScrollerExampleMap.SideScrollerExampleMap:PersistentLevel.SideScrollerExampleMap' with GeneratedClass '/Game/SideScrollerBP/Maps/SideScrollerExampleMap.SideScrollerExampleMap_C' with ClassGeneratedBy '/Game/SideScrollerBP/Maps/SideScrollerExampleMap.SideScrollerExampleMap:PersistentLevel.SideScrollerExampleMap'
[2021.06.15-17.59.21:748][387]LogPlayLevel: PlayLevel: No blueprints needed recompiling
[2021.06.15-17.59.21:749][387]PIE: New page: PIE会话: SideScrollerExampleMap (2021年6月16日 上午9:59:21)
[2021.06.15-17.59.21:749][387]LogPlayLevel: Creating play world package: /Game/SideScrollerBP/Maps/UEDPIE_0_SideScrollerExampleMap
[2021.06.15-17.59.21:765][387]LogPlayLevel: PIE: StaticDuplicateObject took: (0.016785s)
[2021.06.15-17.59.21:766][387]LogAIModule: Creating AISystem for world SideScrollerExampleMap
[2021.06.15-17.59.21:766][387]LogPlayLevel: PIE: World Init took: (0.000959s)
[2021.06.15-17.59.21:767][387]LogPlayLevel: PIE: Created PIE world by copying editor world from /Game/SideScrollerBP/Maps/SideScrollerExampleMap.SideScrollerExampleMap to /Game/SideScrollerBP/Maps/UEDPIE_0_SideScrollerExampleMap.SideScrollerExampleMap (0.018024s)
[2021.06.15-17.59.21:809][387]LogInit: XAudio2 using '扬声器 (HyperX Amp Game)' : 2 channels at 48 kHz using 16 bits per sample (channel mask 0x3)
[2021.06.15-17.59.21:821][387]LogInit: FAudioDevice initialized.
[2021.06.15-17.59.21:852][387]LogLoad: Game class is 'SideScrollerGameMode_C'
[2021.06.15-17.59.21:855][387]LogWorld: Bringing World /Game/SideScrollerBP/Maps/UEDPIE_0_SideScrollerExampleMap.SideScrollerExampleMap up for play (max tick rate 0) at 2021.06.16-01.59.21
[2021.06.15-17.59.21:855][387]LogWorld: Bringing up level for play took: 0.001554
[2021.06.15-17.59.21:856][387]PIE: 信息 /Game/SideScrollerBP/Maps/UEDPIE_0_SideScrollerExampleMap的‘在编辑器中播放’的起始时间-0.387
[2021.06.15-17.59.21:856][387]LogBlueprintUserMessages: Late PlayInEditor Detection: Level '/Game/SideScrollerBP/Maps/SideScrollerExampleMap.SideScrollerExampleMap:PersistentLevel' has LevelScriptBlueprint '/Game/SideScrollerBP/Maps/SideScrollerExampleMap.SideScrollerExampleMap:PersistentLevel.SideScrollerExampleMap' with GeneratedClass '/Game/SideScrollerBP/Maps/SideScrollerExampleMap.SideScrollerExampleMap_C' with ClassGeneratedBy '/Game/SideScrollerBP/Maps/SideScrollerExampleMap.SideScrollerExampleMap:PersistentLevel.SideScrollerExampleMap'
[2021.06.15-17.59.23:884][603]LogBlueprintUserMessages: [SideScrollerCharacter_78] 9
[2021.06.15-17.59.24:051][623]LogBlueprintUserMessages: [SideScrollerCharacter_78] 8
[2021.06.15-17.59.24:201][641]LogBlueprintUserMessages: [SideScrollerCharacter_78] 7
[2021.06.15-17.59.24:368][661]LogBlueprintUserMessages: [SideScrollerCharacter_78] 6
[2021.06.15-17.59.24:534][681]LogBlueprintUserMessages: [SideScrollerCharacter_78] 5
[2021.06.15-17.59.24:702][701]LogBlueprintUserMessages: [SideScrollerCharacter_78] 4
[2021.06.15-17.59.24:869][721]LogBlueprintUserMessages: [SideScrollerCharacter_78] 3
[2021.06.15-17.59.25:018][739]LogBlueprintUserMessages: [SideScrollerCharacter_78] 2
[2021.06.15-17.59.25:194][760]LogBlueprintUserMessages: [SideScrollerCharacter_78] 1
[2021.06.15-17.59.28:183][118]LogBlueprintUserMessages: Early EndPlayMap Detection: Level '/Game/SideScrollerBP/Maps/SideScrollerExampleMap.SideScrollerExampleMap:PersistentLevel' has LevelScriptBlueprint '/Game/SideScrollerBP/Maps/SideScrollerExampleMap.SideScrollerExampleMap:PersistentLevel.SideScrollerExampleMap' with GeneratedClass '/Game/SideScrollerBP/Maps/SideScrollerExampleMap.SideScrollerExampleMap_C' with ClassGeneratedBy '/Game/SideScrollerBP/Maps/SideScrollerExampleMap.SideScrollerExampleMap:PersistentLevel.SideScrollerExampleMap'
[2021.06.15-17.59.28:228][118]LogBlueprintUserMessages: Late EndPlayMap Detection: Level '/Game/SideScrollerBP/Maps/SideScrollerExampleMap.SideScrollerExampleMap:PersistentLevel' has LevelScriptBlueprint '/Game/SideScrollerBP/Maps/SideScrollerExampleMap.SideScrollerExampleMap:PersistentLevel.SideScrollerExampleMap' with GeneratedClass '/Game/SideScrollerBP/Maps/SideScrollerExampleMap.SideScrollerExampleMap_C' with ClassGeneratedBy '/Game/SideScrollerBP/Maps/SideScrollerExampleMap.SideScrollerExampleMap:PersistentLevel.SideScrollerExampleMap'
[2021.06.15-18.00.13:691][312]LogMetaData: Removing '/Game/SideScrollerBP/Blueprints/FuelPickup.FuelPickup:UserConstructionScript.K2Node_FunctionEntry_0' ref from Metadata '/Game/SideScrollerBP/Blueprints/NewBlueprint.PackageMetaData'
[2021.06.15-18.00.13:691][312]LogMetaData: Removing '/Game/SideScrollerBP/Blueprints/FuelPickup.SKEL_FuelPickup_C' ref from Metadata '/Game/SideScrollerBP/Blueprints/NewBlueprint.PackageMetaData'
[2021.06.15-18.00.13:691][312]LogMetaData: Removing '/Game/SideScrollerBP/Blueprints/FuelPickup.FuelPickup_C' ref from Metadata '/Game/SideScrollerBP/Blueprints/NewBlueprint.PackageMetaData'
[2021.06.15-18.00.13:691][312]LogMetaData: Removing '/Game/SideScrollerBP/Blueprints/FuelPickup.FuelPickup:EventGraph.K2Node_Event_0' ref from Metadata '/Game/SideScrollerBP/Blueprints/NewBlueprint.PackageMetaData'
[2021.06.15-18.00.13:691][312]LogMetaData: Removing '/Game/SideScrollerBP/Blueprints/FuelPickup.FuelPickup:EventGraph.K2Node_Event_1' ref from Metadata '/Game/SideScrollerBP/Blueprints/NewBlueprint.PackageMetaData'
[2021.06.15-18.00.13:691][312]LogMetaData: Removing '/Game/SideScrollerBP/Blueprints/FuelPickup.FuelPickup:EventGraph.K2Node_Event_2' ref from Metadata '/Game/SideScrollerBP/Blueprints/NewBlueprint.PackageMetaData'
[2021.06.15-18.00.13:716][312]Cmd: OBJ SAVEPACKAGE PACKAGE="/Game/SideScrollerBP/Blueprints/FuelPickup" FILE="C:/Users/cjy70/Documents/Unreal Projects/Nirako/Content/SideScrollerBP/Blueprints/FuelPickup.uasset" SILENT=true
[2021.06.15-18.00.13:725][312]LogSavePackage: Save=6.31ms
[2021.06.15-18.00.13:725][312]LogSavePackage: Moving 'C:/Users/cjy70/Documents/Unreal Projects/Nirako/Saved/FuelPickup50476700468BC30A0CBE3E9A67095DB0.tmp' to 'C:/Users/cjy70/Documents/Unreal Projects/Nirako/Content/SideScrollerBP/Blueprints/FuelPickup.uasset'
[2021.06.15-18.00.13:729][312]LogSavePackage:Display: Finished SavePackage C:/Users/cjy70/Documents/Unreal Projects/Nirako/Content/SideScrollerBP/Blueprints/FuelPickup.uasset
[2021.06.15-18.00.19:778][494]LogRenderer: Reallocating scene render targets to support 1208x892 NumSamples 1 (Frame:23925).
[2021.06.15-18.00.45:820][492]LogEditorViewport: Clicking on Actor (LMB): StaticMeshActor (Floor)
[2021.06.15-18.02.06:948][686]Cmd: OBJ SAVEPACKAGE PACKAGE="/Game/SideScrollerBP/Blueprints/FuelPickup" FILE="C:/Users/cjy70/Documents/Unreal Projects/Nirako/Content/SideScrollerBP/Blueprints/FuelPickup.uasset" SILENT=true
[2021.06.15-18.02.06:959][686]LogSavePackage: Save=5.94ms
[2021.06.15-18.02.06:959][686]LogSavePackage: Moving 'C:/Users/cjy70/Documents/Unreal Projects/Nirako/Saved/FuelPickup7E7C08F244006F2C00E43997BBB7E61C.tmp' to 'C:/Users/cjy70/Documents/Unreal Projects/Nirako/Content/SideScrollerBP/Blueprints/FuelPickup.uasset'
[2021.06.15-18.02.06:962][686]LogSavePackage:Display: Finished SavePackage C:/Users/cjy70/Documents/Unreal Projects/Nirako/Content/SideScrollerBP/Blueprints/FuelPickup.uasset
[2021.06.15-18.03.09:134][920]LogActorComponent: UnregisterComponent: (/Engine/Transient.EditorFloorComp) Not registered. Aborting.
[2021.06.15-18.03.12:959][170]LogObjectTools:Warning: ForceReplaceReferences replaced references for a transient object 'REINST_SKEL_FuelPickup_C_92' or package '/Engine/Transient'.
[2021.06.15-18.03.12:959][170]LogObjectTools:Warning: ForceReplaceReferences replaced references for a transient object 'DEADCLASS_FuelPickup_C_1' or package '/Engine/Transient'.
[2021.06.15-18.03.12:959][170]LogObjectTools:Warning: ForceReplaceReferences replaced references for a transient object 'REINST_FuelPickup_C_91' or package '/Engine/Transient'.
[2021.06.15-18.03.12:959][170]LogObjectTools:Warning: ForceReplaceReferences replaced references for a transient object 'DEADCLASS_FuelPickup_C_0' or package '/Engine/Transient'.
[2021.06.15-18.06.27:341][522]LogSavePackage: Save=94.90ms
[2021.06.15-18.06.27:341][522]LogSavePackage: Moving 'C:/Users/cjy70/Documents/Unreal Projects/Nirako/Saved/SideScrollerExampleMap_Auto19B5C4CEC4C054B3D6AD2AA8CC7D05512.tmp' to 'C:/Users/cjy70/Documents/Unreal Projects/Nirako/Saved/Autosaves/Game/SideScrollerBP/Maps/SideScrollerExampleMap_Auto1.umap'
[2021.06.15-18.06.27:344][522]LogSavePackage:Display: Finished SavePackage C:/Users/cjy70/Documents/Unreal Projects/Nirako/Saved/Autosaves/Game/SideScrollerBP/Maps/SideScrollerExampleMap_Auto1.umap
[2021.06.15-18.06.27:347][522]LogFileHelpers: Editor autosave (incl. sublevels) for '/Game/SideScrollerBP/Maps/SideScrollerExampleMap' took 0.127
[2021.06.15-18.06.27:347][522]LogFileHelpers: Editor autosave (incl. sublevels) for all levels took 0.127
[2021.06.15-18.06.27:354][522]LogSavePackage: Save=1.85ms
[2021.06.15-18.06.27:354][522]LogSavePackage: Moving 'C:/Users/cjy70/Documents/Unreal Projects/Nirako/Saved/NewBlueprint_Auto194ED9DED40D38A15AAFAA6BF2173683A.tmp' to 'C:/Users/cjy70/Documents/Unreal Projects/Nirako/Saved/Autosaves/Game/SideScrollerBP/Blueprints/NewBlueprint_Auto1.uasset'
[2021.06.15-18.06.27:357][522]LogSavePackage:Display: Finished SavePackage C:/Users/cjy70/Documents/Unreal Projects/Nirako/Saved/Autosaves/Game/SideScrollerBP/Blueprints/NewBlueprint_Auto1.uasset
[2021.06.15-18.06.27:358][522]OBJ SavePackage: Generating thumbnails for [0] asset(s) in package [/Game/SideScrollerBP/Blueprints/FuelPickup] ([1] browsable assets)...
[2021.06.15-18.06.27:358][522]OBJ SavePackage: Finished generating thumbnails for package [/Game/SideScrollerBP/Blueprints/FuelPickup]
[2021.06.15-18.06.27:368][522]LogSavePackage: Save=7.31ms
[2021.06.15-18.06.27:368][522]LogSavePackage: Moving 'C:/Users/cjy70/Documents/Unreal Projects/Nirako/Saved/FuelPickup_Auto187C8117C44D53A0D8699728103A4B975.tmp' to 'C:/Users/cjy70/Documents/Unreal Projects/Nirako/Saved/Autosaves/Game/SideScrollerBP/Blueprints/FuelPickup_Auto1.uasset'
[2021.06.15-18.06.27:371][522]LogSavePackage:Display: Finished SavePackage C:/Users/cjy70/Documents/Unreal Projects/Nirako/Saved/Autosaves/Game/SideScrollerBP/Blueprints/FuelPickup_Auto1.uasset
[2021.06.15-18.06.27:371][522]LogFileHelpers: Auto-saving content packages took 0.023
[2021.06.15-18.08.33:309][709]BlueprintLog: New page: 编译FuelPickup
[2021.06.15-18.08.58:336][ 98]Cmd: OBJ SAVEPACKAGE PACKAGE="/Game/SideScrollerBP/Blueprints/FuelPickup" FILE="C:/Users/cjy70/Documents/Unreal Projects/Nirako/Content/SideScrollerBP/Blueprints/FuelPickup.uasset" SILENT=true
[2021.06.15-18.08.58:349][ 98]LogSavePackage: Save=9.83ms
[2021.06.15-18.08.58:349][ 98]LogSavePackage: Moving 'C:/Users/cjy70/Documents/Unreal Projects/Nirako/Saved/FuelPickup7B2111DC4E9A71BD0DFA22995F60388F.tmp' to 'C:/Users/cjy70/Documents/Unreal Projects/Nirako/Content/SideScrollerBP/Blueprints/FuelPickup.uasset'
[2021.06.15-18.08.58:354][ 98]LogSavePackage:Display: Finished SavePackage C:/Users/cjy70/Documents/Unreal Projects/Nirako/Content/SideScrollerBP/Blueprints/FuelPickup.uasset
[2021.06.15-18.08.59:698][221]BlueprintLog: New page: 编译FuelPickup
[2021.06.15-18.09.06:300][800]LogEditorViewport: Clicking on Actor (LMB): StaticMeshActor (Floor)
[2021.06.15-18.09.07:008][880]LogEditorViewport: Clicking on Actor (LMB): FuelPickup_C (FuelPickup)
[2021.06.15-18.09.07:467][932]Cmd: DELETE
[2021.06.15-18.09.07:467][932]Cmd: ACTOR DELETE
[2021.06.15-18.09.07:467][932]LogEditorActor: Deleted Actor: FuelPickup_C
[2021.06.15-18.09.07:479][932]LogEditorActor: Deleted 1 Actors (0.012 secs)
[2021.06.15-18.09.09:998][214]Cmd: TRANSACTION UNDO
[2021.06.15-18.09.09:998][214]LogEditorTransaction: Undo 创建Actors
[2021.06.15-18.09.30:442][599]LogEditorViewport: Clicking on Actor (LMB): FuelPickup_C (FuelPickup)
[2021.06.15-18.09.39:711][704]Cmd: TRANSACTION UNDO
[2021.06.15-18.09.39:711][704]LogEditorTransaction: Undo 缩放Actor
[2021.06.15-18.11.28:421][259]Cmd: OBJ SAVEPACKAGE PACKAGE="/Game/SideScrollerBP/Blueprints/FuelPickup" FILE="C:/Users/cjy70/Documents/Unreal Projects/Nirako/Content/SideScrollerBP/Blueprints/FuelPickup.uasset" SILENT=true
[2021.06.15-18.11.28:443][259]LogSavePackage: Save=17.46ms
[2021.06.15-18.11.28:443][259]LogSavePackage: Moving 'C:/Users/cjy70/Documents/Unreal Projects/Nirako/Saved/FuelPickup366A3A2245320DE262072CAC5D4628A1.tmp' to 'C:/Users/cjy70/Documents/Unreal Projects/Nirako/Content/SideScrollerBP/Blueprints/FuelPickup.uasset'
[2021.06.15-18.11.28:449][259]LogSavePackage:Display: Finished SavePackage C:/Users/cjy70/Documents/Unreal Projects/Nirako/Content/SideScrollerBP/Blueprints/FuelPickup.uasset
[2021.06.15-18.11.29:386][337]BlueprintLog: New page: 编译FuelPickup
[2021.06.15-18.11.41:497][522]BlueprintLog: New page: 编译FuelPickup
[2021.06.15-18.11.48:416][281]Cmd: TRANSACTION UNDO
[2021.06.15-18.11.48:416][281]LogEditorTransaction: Undo 缩放Actor
[2021.06.15-18.12.05:013][228]LogEditorViewport: Clicking on Actor (LMB): StaticMeshActor (Floor)
[2021.06.15-18.12.08:421][614]LogSavePackage: Save=89.12ms
[2021.06.15-18.12.08:421][614]LogSavePackage: Moving 'C:/Users/cjy70/Documents/Unreal Projects/Nirako/Saved/SideScrollerExampleMap193F7BDD4BC2B1232D171F96D781E1CB.tmp' to 'C:/Users/cjy70/Documents/Unreal Projects/Nirako/Content/SideScrollerBP/Maps/SideScrollerExampleMap.umap'
[2021.06.15-18.12.08:427][614]LogSavePackage:Display: Finished SavePackage C:/Users/cjy70/Documents/Unreal Projects/Nirako/Content/SideScrollerBP/Maps/SideScrollerExampleMap.umap
[2021.06.15-18.12.08:554][614]LogSavePackage: Save=109.36ms
[2021.06.15-18.12.08:554][614]LogSavePackage: Moving 'C:/Users/cjy70/Documents/Unreal Projects/Nirako/Saved/SideScrollerExampleMap_BuiltData8FECBA3D4B3B978C2BD55284656F9E6F.tmp' to 'C:/Users/cjy70/Documents/Unreal Projects/Nirako/Content/SideScrollerBP/Maps/SideScrollerExampleMap_BuiltData.uasset'
[2021.06.15-18.12.08:557][614]LogSavePackage:Display: Finished SavePackage C:/Users/cjy70/Documents/Unreal Projects/Nirako/Content/SideScrollerBP/Maps/SideScrollerExampleMap_BuiltData.uasset
[2021.06.15-18.12.10:317][819]LogTemp: Repeting last play command: 选中的视口
[2021.06.15-18.12.10:323][819]LogBlueprintUserMessages: Early PlayInEditor Detection: Level '/Game/SideScrollerBP/Maps/SideScrollerExampleMap.SideScrollerExampleMap:PersistentLevel' has LevelScriptBlueprint '/Game/SideScrollerBP/Maps/SideScrollerExampleMap.SideScrollerExampleMap:PersistentLevel.SideScrollerExampleMap' with GeneratedClass '/Game/SideScrollerBP/Maps/SideScrollerExampleMap.SideScrollerExampleMap_C' with ClassGeneratedBy '/Game/SideScrollerBP/Maps/SideScrollerExampleMap.SideScrollerExampleMap:PersistentLevel.SideScrollerExampleMap'
[2021.06.15-18.12.10:323][819]LogPlayLevel: PlayLevel: No blueprints needed recompiling
[2021.06.15-18.12.10:323][819]PIE: New page: PIE会话: SideScrollerExampleMap (2021年6月16日 上午10:12:10)
[2021.06.15-18.12.10:324][819]LogPlayLevel: Creating play world package: /Game/SideScrollerBP/Maps/UEDPIE_0_SideScrollerExampleMap
[2021.06.15-18.12.10:337][819]LogPlayLevel: PIE: StaticDuplicateObject took: (0.013452s)
[2021.06.15-18.12.10:338][819]LogAIModule: Creating AISystem for world SideScrollerExampleMap
[2021.06.15-18.12.10:338][819]LogPlayLevel: PIE: World Init took: (0.000686s)
[2021.06.15-18.12.10:338][819]LogPlayLevel: PIE: Created PIE world by copying editor world from /Game/SideScrollerBP/Maps/SideScrollerExampleMap.SideScrollerExampleMap to /Game/SideScrollerBP/Maps/UEDPIE_0_SideScrollerExampleMap.SideScrollerExampleMap (0.014315s)
[2021.06.15-18.12.10:384][819]LogInit: XAudio2 using '扬声器 (HyperX Amp Game)' : 2 channels at 48 kHz using 16 bits per sample (channel mask 0x3)
[2021.06.15-18.12.10:397][819]LogInit: FAudioDevice initialized.
[2021.06.15-18.12.10:430][819]LogLoad: Game class is 'SideScrollerGameMode_C'
[2021.06.15-18.12.10:433][819]LogWorld: Bringing World /Game/SideScrollerBP/Maps/UEDPIE_0_SideScrollerExampleMap.SideScrollerExampleMap up for play (max tick rate 0) at 2021.06.16-02.12.10
[2021.06.15-18.12.10:433][819]LogWorld: Bringing up level for play took: 0.001760
[2021.06.15-18.12.10:434][819]PIE: 信息 /Game/SideScrollerBP/Maps/UEDPIE_0_SideScrollerExampleMap的‘在编辑器中播放’的起始时间0.192
[2021.06.15-18.12.10:434][819]LogBlueprintUserMessages: Late PlayInEditor Detection: Level '/Game/SideScrollerBP/Maps/SideScrollerExampleMap.SideScrollerExampleMap:PersistentLevel' has LevelScriptBlueprint '/Game/SideScrollerBP/Maps/SideScrollerExampleMap.SideScrollerExampleMap:PersistentLevel.SideScrollerExampleMap' with GeneratedClass '/Game/SideScrollerBP/Maps/SideScrollerExampleMap.SideScrollerExampleMap_C' with ClassGeneratedBy '/Game/SideScrollerBP/Maps/SideScrollerExampleMap.SideScrollerExampleMap:PersistentLevel.SideScrollerExampleMap'
[2021.06.15-18.12.12:132][ 20]LogBlueprintUserMessages: [SideScrollerCharacter_78] 9
[2021.06.15-18.12.24:638][520]LogBlueprintUserMessages: [SideScrollerCharacter_78] 8
[2021.06.15-18.12.28:183][945]LogBlueprintUserMessages: Early EndPlayMap Detection: Level '/Game/SideScrollerBP/Maps/SideScrollerExampleMap.SideScrollerExampleMap:PersistentLevel' has LevelScriptBlueprint '/Game/SideScrollerBP/Maps/SideScrollerExampleMap.SideScrollerExampleMap:PersistentLevel.SideScrollerExampleMap' with GeneratedClass '/Game/SideScrollerBP/Maps/SideScrollerExampleMap.SideScrollerExampleMap_C' with ClassGeneratedBy '/Game/SideScrollerBP/Maps/SideScrollerExampleMap.SideScrollerExampleMap:PersistentLevel.SideScrollerExampleMap'
[2021.06.15-18.12.28:228][945]LogBlueprintUserMessages: Late EndPlayMap Detection: Level '/Game/SideScrollerBP/Maps/SideScrollerExampleMap.SideScrollerExampleMap:PersistentLevel' has LevelScriptBlueprint '/Game/SideScrollerBP/Maps/SideScrollerExampleMap.SideScrollerExampleMap:PersistentLevel.SideScrollerExampleMap' with GeneratedClass '/Game/SideScrollerBP/Maps/SideScrollerExampleMap.SideScrollerExampleMap_C' with ClassGeneratedBy '/Game/SideScrollerBP/Maps/SideScrollerExampleMap.SideScrollerExampleMap:PersistentLevel.SideScrollerExampleMap'
[2021.06.15-18.13.27:117][744]BlueprintLog: New page: 编译FuelPickup
[2021.06.15-18.13.30:525][ 64]LogTemp: Repeting last play command: 选中的视口
[2021.06.15-18.13.30:530][ 64]LogBlueprintUserMessages: Early PlayInEditor Detection: Level '/Game/SideScrollerBP/Maps/SideScrollerExampleMap.SideScrollerExampleMap:PersistentLevel' has LevelScriptBlueprint '/Game/SideScrollerBP/Maps/SideScrollerExampleMap.SideScrollerExampleMap:PersistentLevel.SideScrollerExampleMap' with GeneratedClass '/Game/SideScrollerBP/Maps/SideScrollerExampleMap.SideScrollerExampleMap_C' with ClassGeneratedBy '/Game/SideScrollerBP/Maps/SideScrollerExampleMap.SideScrollerExampleMap:PersistentLevel.SideScrollerExampleMap'
[2021.06.15-18.13.30:530][ 64]LogPlayLevel: PlayLevel: No blueprints needed recompiling
[2021.06.15-18.13.30:530][ 64]PIE: New page: PIE会话: SideScrollerExampleMap (2021年6月16日 上午10:13:30)
[2021.06.15-18.13.30:530][ 64]LogPlayLevel: Creating play world package: /Game/SideScrollerBP/Maps/UEDPIE_0_SideScrollerExampleMap
[2021.06.15-18.13.30:546][ 64]LogPlayLevel: PIE: StaticDuplicateObject took: (0.016841s)
[2021.06.15-18.13.30:547][ 64]LogAIModule: Creating AISystem for world SideScrollerExampleMap
[2021.06.15-18.13.30:547][ 64]LogPlayLevel: PIE: World Init took: (0.001031s)
[2021.06.15-18.13.30:547][ 64]LogPlayLevel: PIE: Created PIE world by copying editor world from /Game/SideScrollerBP/Maps/SideScrollerExampleMap.SideScrollerExampleMap to /Game/SideScrollerBP/Maps/UEDPIE_0_SideScrollerExampleMap.SideScrollerExampleMap (0.018175s)
[2021.06.15-18.13.30:590][ 64]LogInit: XAudio2 using '扬声器 (HyperX Amp Game)' : 2 channels at 48 kHz using 16 bits per sample (channel mask 0x3)
[2021.06.15-18.13.30:602][ 64]LogInit: FAudioDevice initialized.
[2021.06.15-18.13.30:631][ 64]LogLoad: Game class is 'SideScrollerGameMode_C'
[2021.06.15-18.13.30:634][ 64]LogWorld: Bringing World /Game/SideScrollerBP/Maps/UEDPIE_0_SideScrollerExampleMap.SideScrollerExampleMap up for play (max tick rate 0) at 2021.06.16-02.13.30
[2021.06.15-18.13.30:634][ 64]LogWorld: Bringing up level for play took: 0.001649
[2021.06.15-18.13.30:635][ 64]PIE: 信息 /Game/SideScrollerBP/Maps/UEDPIE_0_SideScrollerExampleMap的‘在编辑器中播放’的起始时间0.393
[2021.06.15-18.13.30:635][ 64]LogBlueprintUserMessages: Late PlayInEditor Detection: Level '/Game/SideScrollerBP/Maps/SideScrollerExampleMap.SideScrollerExampleMap:PersistentLevel' has LevelScriptBlueprint '/Game/SideScrollerBP/Maps/SideScrollerExampleMap.SideScrollerExampleMap:PersistentLevel.SideScrollerExampleMap' with GeneratedClass '/Game/SideScrollerBP/Maps/SideScrollerExampleMap.SideScrollerExampleMap_C' with ClassGeneratedBy '/Game/SideScrollerBP/Maps/SideScrollerExampleMap.SideScrollerExampleMap:PersistentLevel.SideScrollerExampleMap'
[2021.06.15-18.13.33:489][404]LogBlueprintUserMessages: [FuelPickup_850] 11
[2021.06.15-18.13.35:691][668]LogBlueprintUserMessages: [SideScrollerCharacter_78] 10
[2021.06.15-18.13.35:990][704]LogBlueprintUserMessages: [SideScrollerCharacter_78] 9
[2021.06.15-18.13.36:165][725]LogBlueprintUserMessages: [SideScrollerCharacter_78] 8
[2021.06.15-18.13.36:324][744]LogBlueprintUserMessages: [SideScrollerCharacter_78] 7
[2021.06.15-18.13.48:226][171]LogBlueprintUserMessages: Early EndPlayMap Detection: Level '/Game/SideScrollerBP/Maps/SideScrollerExampleMap.SideScrollerExampleMap:PersistentLevel' has LevelScriptBlueprint '/Game/SideScrollerBP/Maps/SideScrollerExampleMap.SideScrollerExampleMap:PersistentLevel.SideScrollerExampleMap' with GeneratedClass '/Game/SideScrollerBP/Maps/SideScrollerExampleMap.SideScrollerExampleMap_C' with ClassGeneratedBy '/Game/SideScrollerBP/Maps/SideScrollerExampleMap.SideScrollerExampleMap:PersistentLevel.SideScrollerExampleMap'
[2021.06.15-18.13.48:275][171]LogBlueprintUserMessages: Late EndPlayMap Detection: Level '/Game/SideScrollerBP/Maps/SideScrollerExampleMap.SideScrollerExampleMap:PersistentLevel' has LevelScriptBlueprint '/Game/SideScrollerBP/Maps/SideScrollerExampleMap.SideScrollerExampleMap:PersistentLevel.SideScrollerExampleMap' with GeneratedClass '/Game/SideScrollerBP/Maps/SideScrollerExampleMap.SideScrollerExampleMap_C' with ClassGeneratedBy '/Game/SideScrollerBP/Maps/SideScrollerExampleMap.SideScrollerExampleMap:PersistentLevel.SideScrollerExampleMap'
[2021.06.15-18.22.44:409][870]LogSavePackage: Save=96.57ms
[2021.06.15-18.22.44:409][870]LogSavePackage: Moving 'C:/Users/cjy70/Documents/Unreal Projects/Nirako/Saved/SideScrollerExampleMap_Auto2290403FB48FD4C240FA529A28FEA4373.tmp' to 'C:/Users/cjy70/Documents/Unreal Projects/Nirako/Saved/Autosaves/Game/SideScrollerBP/Maps/SideScrollerExampleMap_Auto2.umap'
[2021.06.15-18.22.44:412][870]LogSavePackage:Display: Finished SavePackage C:/Users/cjy70/Documents/Unreal Projects/Nirako/Saved/Autosaves/Game/SideScrollerBP/Maps/SideScrollerExampleMap_Auto2.umap
[2021.06.15-18.22.44:415][870]LogFileHelpers: Editor autosave (incl. sublevels) for '/Game/SideScrollerBP/Maps/SideScrollerExampleMap' took 0.129
[2021.06.15-18.22.44:415][870]LogFileHelpers: Editor autosave (incl. sublevels) for all levels took 0.129
[2021.06.15-18.22.44:418][870]OBJ SavePackage: Generating thumbnails for [1] asset(s) in package [/Game/SideScrollerBP/Blueprints/FuelPickup] ([1] browsable assets)...
[2021.06.15-18.22.44:435][870]OBJ SavePackage:     Rendered thumbnail for [Blueprint /Game/SideScrollerBP/Blueprints/FuelPickup.FuelPickup]
[2021.06.15-18.22.44:435][870]OBJ SavePackage: Finished generating thumbnails for package [/Game/SideScrollerBP/Blueprints/FuelPickup]
[2021.06.15-18.22.44:460][870]LogSavePackage: Save=19.12ms
[2021.06.15-18.22.44:460][870]LogSavePackage: Moving 'C:/Users/cjy70/Documents/Unreal Projects/Nirako/Saved/FuelPickup_Auto23AACE08F41C0B573DF71EFB28FC91839.tmp' to 'C:/Users/cjy70/Documents/Unreal Projects/Nirako/Saved/Autosaves/Game/SideScrollerBP/Blueprints/FuelPickup_Auto2.uasset'
[2021.06.15-18.22.44:464][870]LogSavePackage:Display: Finished SavePackage C:/Users/cjy70/Documents/Unreal Projects/Nirako/Saved/Autosaves/Game/SideScrollerBP/Blueprints/FuelPickup_Auto2.uasset
[2021.06.15-18.22.44:464][870]LogFileHelpers: Auto-saving content packages took 0.048
[2021.06.15-18.29.13:839][ 35]Cmd: OBJ SAVEPACKAGE PACKAGE="/Game/SideScrollerBP/Blueprints/FuelPickup" FILE="C:/Users/cjy70/Documents/Unreal Projects/Nirako/Content/SideScrollerBP/Blueprints/FuelPickup.uasset" SILENT=true
[2021.06.15-18.29.13:857][ 35]LogSavePackage: Save=11.53ms
[2021.06.15-18.29.13:857][ 35]LogSavePackage: Moving 'C:/Users/cjy70/Documents/Unreal Projects/Nirako/Saved/FuelPickup28B1E0AD4AC7C1DE00F2538622F65DFE.tmp' to 'C:/Users/cjy70/Documents/Unreal Projects/Nirako/Content/SideScrollerBP/Blueprints/FuelPickup.uasset'
[2021.06.15-18.29.13:862][ 35]LogSavePackage:Display: Finished SavePackage C:/Users/cjy70/Documents/Unreal Projects/Nirako/Content/SideScrollerBP/Blueprints/FuelPickup.uasset
[2021.06.15-18.29.13:869][ 35]Cmd: OBJ SAVEPACKAGE PACKAGE="/Game/SideScrollerBP/Blueprints/NewBlueprint" FILE="C:/Users/cjy70/Documents/Unreal Projects/Nirako/Content/SideScrollerBP/Blueprints/NewBlueprint.uasset" SILENT=true
[2021.06.15-18.29.13:874][ 35]LogSavePackage: Save=2.01ms
[2021.06.15-18.29.13:874][ 35]LogSavePackage: Moving 'C:/Users/cjy70/Documents/Unreal Projects/Nirako/Saved/NewBlueprint253E8D604F6D07B240A5E8BE47AA7555.tmp' to 'C:/Users/cjy70/Documents/Unreal Projects/Nirako/Content/SideScrollerBP/Blueprints/NewBlueprint.uasset'
[2021.06.15-18.29.13:879][ 35]LogSavePackage:Display: Finished SavePackage C:/Users/cjy70/Documents/Unreal Projects/Nirako/Content/SideScrollerBP/Blueprints/NewBlueprint.uasset
[2021.06.15-18.29.14:044][ 35]LogSavePackage: Save=92.57ms
[2021.06.15-18.29.14:044][ 35]LogSavePackage: Moving 'C:/Users/cjy70/Documents/Unreal Projects/Nirako/Saved/SideScrollerExampleMap4948FAEF4152D8E9CC615DA6459E8486.tmp' to 'C:/Users/cjy70/Documents/Unreal Projects/Nirako/Content/SideScrollerBP/Maps/SideScrollerExampleMap.umap'
[2021.06.15-18.29.14:050][ 35]LogSavePackage:Display: Finished SavePackage C:/Users/cjy70/Documents/Unreal Projects/Nirako/Content/SideScrollerBP/Maps/SideScrollerExampleMap.umap
[2021.06.15-18.29.14:059][ 35]LogFileHelpers: Saving map 'SideScrollerExampleMap' took 0.169
[2021.06.15-18.29.14:143][ 35]LogWindowsTextInputMethodSystem:Display: IME system now activated using TSF (搜狗拼音输入法).
[2021.06.15-18.29.14:350][ 36]Cmd: QUIT_EDITOR
[2021.06.15-18.29.14:953][ 36]LogExit: Preparing to exit.
[2021.06.15-18.29.15:604][ 36]LogExit: Editor shut down
[2021.06.15-18.29.15:605][ 36]LogExit: Transaction tracking system shut down
[2021.06.15-18.29.15:727][ 36]LogObj: Freed 0b from 0 cluster array pools.
[2021.06.15-18.29.15:727][ 36]LogExit: Object subsystem successfully closed.
[2021.06.15-18.29.15:751][ 36]LogD3D11RHI: Shutdown
[2021.06.15-18.29.15:751][ 36]LogD3D11RHI: CleanupD3DDevice
[2021.06.15-18.29.15:823][ 36]LogD3D11RHI: ~FD3D11DynamicRHI
[2021.06.15-18.29.15:832][ 36]LogHttp:Display: Http module shutting down, but needs to wait on 1 outstanding Http requests:
[2021.06.15-18.29.15:832][ 36]LogHttp:Display: 	verb=[POST] url=[https://datarouter.ol.epicgames.com/datarouter/api/v1/public/data?SessionID=%7B6F80AEDA-4D44-E79E-88C1-03A91D63B27F%7D&AppID=UEEditor.Rocket.Release&AppVersion=4.14.3-3249277%2B%2B%2BUE4%2BRelease-4.14&UserID=aaee861049717216d6ae2898c50212c7%7C0c2163319f3440d9aef67033397d9ccd%7C99318ad5-25e5-4113-8348-da70deed6a0d&AppEnvironment=datacollector-binary&UploadType=eteventstream] status=Processing
[2021.06.15-18.29.15:840][ 36]LogModuleManager: Shutting down and abandoning module MovieSceneCapture (244)
[2021.06.15-18.29.15:840][ 36]LogModuleManager: Shutting down and abandoning module BlueprintGraph (243)
[2021.06.15-18.29.15:840][ 36]LogModuleManager: Shutting down and abandoning module BlueprintProfiler (242)
[2021.06.15-18.29.15:840][ 36]LogModuleManager: Shutting down and abandoning module HierarchicalLODOutliner (241)
[2021.06.15-18.29.15:840][ 36]LogModuleManager: Shutting down and abandoning module CrashTracker (240)
[2021.06.15-18.29.15:840][ 36]LogModuleManager: Shutting down and abandoning module SceneOutliner (239)
[2021.06.15-18.29.15:840][ 36]LogModuleManager: Shutting down and abandoning module WidgetCarousel (238)
[2021.06.15-18.29.15:840][ 36]LogModuleManager: Shutting down and abandoning module AddContentDialog (237)
[2021.06.15-18.29.15:840][ 36]LogDirectoryWatcher: A directory notification for 'E:/UE_4.14/FeaturePacks/' was aborted.
[2021.06.15-18.29.15:846][ 36]LogModuleManager: Shutting down and abandoning module GameplayTags (236)
[2021.06.15-18.29.15:846][ 36]LogModuleManager: Shutting down and abandoning module EditorWidgets (235)
[2021.06.15-18.29.15:846][ 36]LogModuleManager: Shutting down and abandoning module CollectionManager (234)
[2021.06.15-18.29.15:846][ 36]LogDirectoryWatcher: A directory notification for 'C:/Users/cjy70/Documents/Unreal Projects/Nirako/Content/Collections/' was aborted.
[2021.06.15-18.29.15:846][ 36]LogDirectoryWatcher: A directory notification for 'C:/Users/cjy70/Documents/Unreal Projects/Nirako/Content/Developers/cjy70/Collections/' was aborted.
[2021.06.15-18.29.15:846][ 36]LogDirectoryWatcher: A directory notification for 'C:/Users/cjy70/Documents/Unreal Projects/Nirako/Saved/Collections/' was aborted.
[2021.06.15-18.29.15:846][ 36]LogModuleManager: Shutting down and abandoning module StatsViewer (233)
[2021.06.15-18.29.15:846][ 36]LogModuleManager: Shutting down and abandoning module FoliageEdit (232)
[2021.06.15-18.29.15:846][ 36]LogModuleManager: Shutting down and abandoning module LandscapeEditor (231)
[2021.06.15-18.29.15:846][ 36]LogModuleManager: Shutting down and abandoning module SceneDepthPickerMode (230)
[2021.06.15-18.29.15:846][ 36]LogModuleManager: Shutting down and abandoning module ActorPickerMode (229)
[2021.06.15-18.29.15:846][ 36]LogModuleManager: Shutting down and abandoning module GeometryMode (228)
[2021.06.15-18.29.15:846][ 36]LogModuleManager: Shutting down and abandoning module TextureAlignMode (227)
[2021.06.15-18.29.15:846][ 36]LogModuleManager: Shutting down and abandoning module BspMode (226)
[2021.06.15-18.29.15:846][ 36]LogModuleManager: Shutting down and abandoning module HardwareSurvey (225)
[2021.06.15-18.29.15:846][ 36]LogModuleManager: Shutting down and abandoning module SequenceRecorderSections (224)
[2021.06.15-18.29.15:846][ 36]LogModuleManager: Shutting down and abandoning module AutomationWorker (223)
[2021.06.15-18.29.15:846][ 36]LogModuleManager: Shutting down and abandoning module MatineeToLevelSequence (222)
[2021.06.15-18.29.15:846][ 36]LogModuleManager: Shutting down and abandoning module PlacementMode (221)
[2021.06.15-18.29.15:846][ 36]LogModuleManager: Shutting down and abandoning module LevelSequenceEditor (220)
[2021.06.15-18.29.15:846][ 36]LogModuleManager: Shutting down and abandoning module WmfMediaFactory (219)
[2021.06.15-18.29.15:846][ 36]LogModuleManager: Shutting down and abandoning module WmfMediaEditor (218)
[2021.06.15-18.29.15:846][ 36]LogModuleManager: Shutting down and abandoning module AvfMediaFactory (217)
[2021.06.15-18.29.15:846][ 36]LogModuleManager: Shutting down and abandoning module AvfMediaEditor (216)
[2021.06.15-18.29.15:846][ 36]LogModuleManager: Shutting down and abandoning module Media (215)
[2021.06.15-18.29.15:846][ 36]LogModuleManager: Shutting down and abandoning module AndroidMediaFactory (214)
[2021.06.15-18.29.15:846][ 36]LogModuleManager: Shutting down and abandoning module AndroidMediaEditor (213)
[2021.06.15-18.29.15:846][ 36]LogModuleManager: Shutting down and abandoning module CharacterAI (212)
[2021.06.15-18.29.15:846][ 36]LogModuleManager: Shutting down and abandoning module SequenceRecorder (211)
[2021.06.15-18.29.15:846][ 36]LogModuleManager: Shutting down and abandoning module AudioCapture (210)
[2021.06.15-18.29.15:846][ 36]LogModuleManager: Shutting down and abandoning module SmartSnapping (209)
[2021.06.15-18.29.15:846][ 36]LogModuleManager: Shutting down and abandoning module SessionServices (208)
[2021.06.15-18.29.15:846][ 36]LogModuleManager: Shutting down and abandoning module ViewportSnapping (207)
[2021.06.15-18.29.15:846][ 36]LogModuleManager: Shutting down and abandoning module ViewportInteraction (206)
[2021.06.15-18.29.15:846][ 36]LogModuleManager: Shutting down and abandoning module LogVisualizer (205)
[2021.06.15-18.29.15:846][ 36]LogModuleManager: Shutting down and abandoning module GameProjectGeneration (204)
[2021.06.15-18.29.15:846][ 36]LogModuleManager: Shutting down and abandoning module IntroTutorials (203)
[2021.06.15-18.29.15:846][ 36]LogModuleManager: Shutting down and abandoning module EditorLiveStreaming (202)
[2021.06.15-18.29.15:846][ 36]LogModuleManager: Shutting down and abandoning module IOSPlatformEditor (201)
[2021.06.15-18.29.15:846][ 36]LogModuleManager: Shutting down and abandoning module HTML5PlatformEditor (200)
[2021.06.15-18.29.15:846][ 36]LogModuleManager: Shutting down and abandoning module AndroidDeviceDetection (199)
[2021.06.15-18.29.15:992][ 36]LogModuleManager: Shutting down and abandoning module AndroidPlatformEditor (198)
[2021.06.15-18.29.15:992][ 36]LogModuleManager: Shutting down and abandoning module IOSRuntimeSettings (197)
[2021.06.15-18.29.15:992][ 36]LogModuleManager: Shutting down and abandoning module AndroidRuntimeSettings (196)
[2021.06.15-18.29.15:992][ 36]LogModuleManager: Shutting down and abandoning module InputBindingEditor (195)
[2021.06.15-18.29.15:992][ 36]LogModuleManager: Shutting down and abandoning module NiagaraEditor (194)
[2021.06.15-18.29.15:992][ 36]LogModuleManager: Shutting down and abandoning module MergeActors (193)
[2021.06.15-18.29.15:992][ 36]LogModuleManager: Shutting down and abandoning module SizeMap (192)
[2021.06.15-18.29.15:992][ 36]LogModuleManager: Shutting down and abandoning module TreeMap (191)
[2021.06.15-18.29.15:992][ 36]LogModuleManager: Shutting down and abandoning module ReferenceViewer (190)
[2021.06.15-18.29.15:992][ 36]LogModuleManager: Shutting down and abandoning module LocalizationService (189)
[2021.06.15-18.29.15:993][ 36]LogModuleManager: Shutting down and abandoning module LocalizationDashboard (188)
[2021.06.15-18.29.15:993][ 36]LogModuleManager: Shutting down and abandoning module HardwareTargeting (187)
[2021.06.15-18.29.15:993][ 36]LogModuleManager: Shutting down and abandoning module DeviceProfileEditor (186)
[2021.06.15-18.29.15:993][ 36]LogModuleManager: Shutting down and abandoning module UndoHistory (185)
[2021.06.15-18.29.15:993][ 36]LogModuleManager: Shutting down and abandoning module UserFeedback (184)
[2021.06.15-18.29.15:993][ 36]LogModuleManager: Shutting down and abandoning module XmlParser (183)
[2021.06.15-18.29.15:993][ 36]LogModuleManager: Shutting down and abandoning module Blutility (182)
[2021.06.15-18.29.15:993][ 36]LogModuleManager: Shutting down and abandoning module ProjectTargetPlatformEditor (181)
[2021.06.15-18.29.15:994][ 36]LogModuleManager: Shutting down and abandoning module ProjectSettingsViewer (180)
[2021.06.15-18.29.15:994][ 36]LogModuleManager: Shutting down and abandoning module EditorSettingsViewer (179)
[2021.06.15-18.29.15:995][ 36]LogModuleManager: Shutting down and abandoning module SettingsEditor (178)
[2021.06.15-18.29.15:995][ 36]LogModuleManager: Shutting down and abandoning module ProjectLauncher (177)
[2021.06.15-18.29.15:995][ 36]LogModuleManager: Shutting down and abandoning module SessionFrontend (176)
[2021.06.15-18.29.15:995][ 36]LogModuleManager: Shutting down and abandoning module ProfilerClient (175)
[2021.06.15-18.29.15:995][ 36]LogModuleManager: Shutting down and abandoning module TargetDeviceServices (174)
[2021.06.15-18.29.15:995][ 36]LogModuleManager: Shutting down and abandoning module DeviceManager (173)
[2021.06.15-18.29.16:026][ 36]LogModuleManager: Shutting down and abandoning module AutomationController (172)
[2021.06.15-18.29.16:026][ 36]LogModuleManager: Shutting down and abandoning module AutomationWindow (171)
[2021.06.15-18.29.16:026][ 36]LogModuleManager: Shutting down and abandoning module Layers (170)
[2021.06.15-18.29.16:026][ 36]LogModuleManager: Shutting down and abandoning module ComponentVisualizers (169)
[2021.06.15-18.29.16:026][ 36]LogModuleManager: Shutting down and abandoning module DetailCustomizations (168)
[2021.06.15-18.29.16:026][ 36]LogModuleManager: Shutting down and abandoning module PackagesDialog (167)
[2021.06.15-18.29.16:026][ 36]LogModuleManager: Shutting down and abandoning module AnimGraph (166)
[2021.06.15-18.29.16:026][ 36]LogModuleManager: Shutting down and abandoning module Persona (165)
[2021.06.15-18.29.16:026][ 36]LogModuleManager: Shutting down and abandoning module Kismet (164)
[2021.06.15-18.29.16:032][ 36]LogModuleManager: Shutting down and abandoning module GraphEditor (163)
[2021.06.15-18.29.16:032][ 36]LogModuleManager: Shutting down and abandoning module ClassViewer (162)
[2021.06.15-18.29.16:035][ 36]LogModuleManager: Shutting down and abandoning module Toolbox (161)
[2021.06.15-18.29.16:035][ 36]LogModuleManager: Shutting down and abandoning module ModuleUI (160)
[2021.06.15-18.29.16:035][ 36]LogModuleManager: Shutting down and abandoning module MovieSceneTools (159)
[2021.06.15-18.29.16:035][ 36]LogModuleManager: Shutting down and abandoning module OutputLog (158)
[2021.06.15-18.29.16:035][ 36]LogModuleManager: Shutting down and abandoning module GammaUI (157)
[2021.06.15-18.29.16:035][ 36]LogModuleManager: Shutting down and abandoning module Documentation (156)
[2021.06.15-18.29.16:035][ 36]LogModuleManager: Shutting down and abandoning module Niagara (155)
[2021.06.15-18.29.16:035][ 36]LogModuleManager: Shutting down and abandoning module StreamingPauseRendering (154)
[2021.06.15-18.29.16:035][ 36]LogModuleManager: Shutting down and abandoning module AnalyticsET (153)
[2021.06.15-18.29.16:035][ 36]LogModuleManager: Shutting down and abandoning module PortalServices (152)
[2021.06.15-18.29.16:035][ 36]LogModuleManager: Shutting down and abandoning module PortalRpc (151)
[2021.06.15-18.29.16:035][ 36]LogModuleManager: Shutting down and abandoning module MessagingRpc (150)
[2021.06.15-18.29.16:035][ 36]LogModuleManager: Shutting down and abandoning module GameplayDebugger (149)
[2021.06.15-18.29.16:035][ 36]LogModuleManager: Shutting down and abandoning module AITestSuite (148)
[2021.06.15-18.29.16:035][ 36]LogModuleManager: Shutting down and abandoning module AIModule (147)
[2021.06.15-18.29.16:035][ 36]LogModuleManager: Shutting down and abandoning module ProfilerService (146)
[2021.06.15-18.29.16:213][ 36]LogModuleManager: Shutting down and abandoning module TaskGraph (145)
[2021.06.15-18.29.16:213][ 36]LogModuleManager: Shutting down and abandoning module SlateRemote (144)
[2021.06.15-18.29.16:213][ 36]LogModuleManager: Shutting down and abandoning module SteamVRController (143)
[2021.06.15-18.29.16:213][ 36]LogModuleManager: Shutting down and abandoning module SteamVR (142)
[2021.06.15-18.29.16:213][ 36]LogModuleManager: Shutting down and abandoning module ProceduralMeshComponentEditor (141)
[2021.06.15-18.29.16:213][ 36]LogModuleManager: Shutting down and abandoning module ProceduralMeshComponent (140)
[2021.06.15-18.29.16:213][ 36]LogModuleManager: Shutting down and abandoning module OculusLibrary (139)
[2021.06.15-18.29.16:213][ 36]LogModuleManager: Shutting down and abandoning module OculusInput (138)
[2021.06.15-18.29.16:213][ 36]LogModuleManager: Shutting down and abandoning module MobilePatchingUtils (137)
[2021.06.15-18.29.16:213][ 36]LogModuleManager: Shutting down and abandoning module CustomMeshComponent (136)
[2021.06.15-18.29.16:213][ 36]LogModuleManager: Shutting down and abandoning module CableComponent (135)
[2021.06.15-18.29.16:213][ 36]LogModuleManager: Shutting down and abandoning module ArchVisCharacter (134)
[2021.06.15-18.29.16:213][ 36]LogModuleManager: Shutting down and abandoning module MediaPlayerEditor (132)
[2021.06.15-18.29.16:213][ 36]LogModuleManager: Shutting down and abandoning module HTML5Networking (131)
[2021.06.15-18.29.16:213][ 36]LogModuleManager: Shutting down and abandoning module GeometryCacheEd (130)
[2021.06.15-18.29.16:213][ 36]LogModuleManager: Shutting down and abandoning module GeometryCache (129)
[2021.06.15-18.29.16:213][ 36]LogModuleManager: Shutting down and abandoning module AlembicLibrary (128)
[2021.06.15-18.29.16:213][ 36]LogModuleManager: Shutting down and abandoning module AlembicImporter (127)
[2021.06.15-18.29.16:213][ 36]LogModuleManager: Shutting down and abandoning module SuperSearch (126)
[2021.06.15-18.29.16:213][ 36]LogModuleManager: Shutting down and abandoning module SuperSearchEditor (125)
[2021.06.15-18.29.16:213][ 36]LogModuleManager: Shutting down and abandoning module SpeedTreeImporter (124)
[2021.06.15-18.29.16:213][ 36]LogModuleManager: Shutting down and abandoning module PluginBrowser (123)
[2021.06.15-18.29.16:213][ 36]LogModuleManager: Shutting down and abandoning module MobileLauncherProfileWizard (122)
[2021.06.15-18.29.16:213][ 36]LogModuleManager: Shutting down and abandoning module EpicSurvey (121)
[2021.06.15-18.29.16:213][ 36]LogModuleManager: Shutting down and abandoning module DesktopPlatform (120)
[2021.06.15-18.29.16:213][ 36]LogModuleManager: Shutting down and abandoning module VisualStudioSourceCodeAccess (119)
[2021.06.15-18.29.16:213][ 36]LogModuleManager: Shutting down and abandoning module UObjectPlugin (118)
[2021.06.15-18.29.16:213][ 36]LogModuleManager: Shutting down and abandoning module SubversionSourceControl (117)
[2021.06.15-18.29.16:213][ 36]LogModuleManager: Shutting down and abandoning module PerforceSourceControl (116)
[2021.06.15-18.29.16:213][ 36]LogModuleManager: Shutting down and abandoning module SourceControl (115)
[2021.06.15-18.29.16:213][ 36]LogModuleManager: Shutting down and abandoning module GitSourceControl (114)
[2021.06.15-18.29.16:213][ 36]LogModuleManager: Shutting down and abandoning module LightPropagationVolumeEditor (113)
[2021.06.15-18.29.16:213][ 36]LogModuleManager: Shutting down and abandoning module PaperTiledImporter (112)
[2021.06.15-18.29.16:213][ 36]LogModuleManager: Shutting down and abandoning module PaperSpriteSheetImporter (111)
[2021.06.15-18.29.16:213][ 36]LogModuleManager: Shutting down and abandoning module MeshPaint (110)
[2021.06.15-18.29.16:213][ 36]LogModuleManager: Shutting down and abandoning module PixelInspectorModule (109)
[2021.06.15-18.29.16:213][ 36]LogModuleManager: Shutting down and abandoning module HotReload (108)
[2021.06.15-18.29.16:214][ 36]LogModuleManager: Shutting down and abandoning module MainFrame (107)
[2021.06.15-18.29.16:214][ 36]LogModuleManager: Shutting down and abandoning module LevelEditor (106)
[2021.06.15-18.29.16:215][ 36]LogModuleManager: Shutting down and abandoning module ContentBrowser (105)
[2021.06.15-18.29.16:217][ 36]LogModuleManager: Shutting down and abandoning module Paper2DEditor (104)
[2021.06.15-18.29.16:218][ 36]LogModuleManager: Shutting down and abandoning module UdpMessaging (103)
[2021.06.15-18.29.16:318][ 36]LogModuleManager: Shutting down and abandoning module TcpMessaging (102)
[2021.06.15-18.29.16:418][ 36]LogModuleManager: Shutting down and abandoning module LightPropagationVolumeRuntime (101)
[2021.06.15-18.29.16:418][ 36]LogModuleManager: Shutting down and abandoning module Paper2D (100)
[2021.06.15-18.29.16:418][ 36]LogModuleManager: Shutting down and abandoning module WindowsMoviePlayer (99)
[2021.06.15-18.29.16:418][ 36]LogModuleManager: Shutting down and abandoning module WmfMedia (98)
[2021.06.15-18.29.16:419][ 36]LogModuleManager: Shutting down and abandoning module MediaAssets (97)
[2021.06.15-18.29.16:419][ 36]LogModuleManager: Shutting down and abandoning module GameLiveStreaming (96)
[2021.06.15-18.29.16:420][ 36]LogModuleManager: Shutting down and abandoning module GameplayTagsEditor (95)
[2021.06.15-18.29.16:420][ 36]LogModuleManager: Shutting down and abandoning module VREditor (94)
[2021.06.15-18.29.16:420][ 36]LogModuleManager: Shutting down and abandoning module GameplayTasksEditor (93)
[2021.06.15-18.29.16:420][ 36]LogModuleManager: Shutting down and abandoning module BehaviorTreeEditor (92)
[2021.06.15-18.29.16:420][ 36]LogModuleManager: Shutting down and abandoning module FunctionalTesting (91)
[2021.06.15-18.29.16:420][ 36]LogModuleManager: Shutting down and abandoning module CollisionAnalyzer (90)
[2021.06.15-18.29.16:420][ 36]LogModuleManager: Shutting down and abandoning module Sequencer (89)
[2021.06.15-18.29.16:420][ 36]LogModuleManager: Shutting down and abandoning module WorkspaceMenuStructure (88)
[2021.06.15-18.29.16:420][ 36]LogModuleManager: Shutting down and abandoning module MessageLog (87)
[2021.06.15-18.29.16:420][ 36]LogModuleManager: Shutting down and abandoning module AssetTools (86)
[2021.06.15-18.29.16:420][ 36]LogModuleManager: Shutting down and abandoning module UMGEditor (85)
[2021.06.15-18.29.16:420][ 36]LogModuleManager: Shutting down and abandoning module UMG (84)
[2021.06.15-18.29.16:420][ 36]LogModuleManager: Shutting down and abandoning module SlateReflector (83)
[2021.06.15-18.29.16:420][ 36]LogModuleManager: Shutting down and abandoning module Slate (82)
[2021.06.15-18.29.16:420][ 36]LogModuleManager: Shutting down and abandoning module EditorStyle (81)
[2021.06.15-18.29.16:422][ 36]LogModuleManager: Shutting down and abandoning module SourceCodeAccess (80)
[2021.06.15-18.29.16:422][ 36]LogModuleManager: Shutting down and abandoning module HeadMountedDisplay (79)
[2021.06.15-18.29.16:422][ 36]LogModuleManager: Shutting down and abandoning module XAudio2 (78)
[2021.06.15-18.29.16:422][ 36]LogModuleManager: Shutting down and abandoning module Networking (76)
[2021.06.15-18.29.16:422][ 36]LogModuleManager: Shutting down and abandoning module Core (75)
[2021.06.15-18.29.16:422][ 36]LogModuleManager: Shutting down and abandoning module DirectoryWatcher (74)
[2021.06.15-18.29.16:422][ 36]LogDirectoryWatcher: A directory notification for '../../../Engine/Content/' was aborted.
[2021.06.15-18.29.16:422][ 36]LogDirectoryWatcher: A directory notification for 'C:/Users/cjy70/Documents/Unreal Projects/Nirako/Content/' was aborted.
[2021.06.15-18.29.16:423][ 36]LogDirectoryWatcher: A directory notification for '../../../Engine/Plugins/2D/Paper2D/Content/' was aborted.
[2021.06.15-18.29.16:427][ 36]LogModuleManager: Shutting down and abandoning module AssetRegistry (73)
[2021.06.15-18.29.16:557][ 36]LogModuleManager: Shutting down and abandoning module KismetCompiler (72)
[2021.06.15-18.29.16:557][ 36]LogModuleManager: Shutting down and abandoning module PhysXFormats (71)
[2021.06.15-18.29.16:557][ 36]LogModuleManager: Shutting down and abandoning module SimplygonSwarm (70)
[2021.06.15-18.29.16:557][ 36]LogModuleManager: Shutting down and abandoning module SimplygonMeshReduction (69)
[2021.06.15-18.29.16:557][ 36]LogModuleManager: Shutting down and abandoning module QuadricMeshReduction (68)
[2021.06.15-18.29.16:557][ 36]LogModuleManager: Shutting down and abandoning module PropertyEditor (67)
[2021.06.15-18.29.16:557][ 36]LogModuleManager: Shutting down and abandoning module MeshUtilities (66)
[2021.06.15-18.29.16:557][ 36]LogModuleManager: Shutting down and abandoning module DerivedDataCache (65)
[2021.06.15-18.29.16:582][ 36]LogDerivedDataCache: Shutdown
[2021.06.15-18.29.16:582][ 36]LogModuleManager: Shutting down and abandoning module VulkanShaderFormat (64)
[2021.06.15-18.29.16:582][ 36]LogModuleManager: Shutting down and abandoning module ShaderFormatOpenGL (63)
[2021.06.15-18.29.16:582][ 36]LogModuleManager: Shutting down and abandoning module ShaderFormatD3D (62)
[2021.06.15-18.29.16:582][ 36]LogModuleManager: Shutting down and abandoning module MetalShaderFormat (61)
[2021.06.15-18.29.16:582][ 36]LogModuleManager: Shutting down and abandoning module TextureFormatUncompressed (60)
[2021.06.15-18.29.16:582][ 36]LogModuleManager: Shutting down and abandoning module TextureFormatPVR (59)
[2021.06.15-18.29.16:582][ 36]LogModuleManager: Shutting down and abandoning module TextureFormatDXT (58)
[2021.06.15-18.29.16:582][ 36]LogModuleManager: Shutting down and abandoning module TextureFormatIntelISPCTexComp (57)
[2021.06.15-18.29.16:582][ 36]LogModuleManager: Shutting down and abandoning module ImageWrapper (56)
[2021.06.15-18.29.16:582][ 36]LogModuleManager: Shutting down and abandoning module TextureFormatASTC (55)
[2021.06.15-18.29.16:583][ 36]LogModuleManager: Shutting down and abandoning module TextureFormatAndroid (54)
[2021.06.15-18.29.16:583][ 36]LogModuleManager: Shutting down and abandoning module AudioFormatOpus (53)
[2021.06.15-18.29.16:583][ 36]LogModuleManager: Shutting down and abandoning module AudioFormatOgg (52)
[2021.06.15-18.29.16:583][ 36]LogModuleManager: Shutting down and abandoning module AudioFormatADPCM (51)
[2021.06.15-18.29.16:583][ 36]LogModuleManager: Shutting down and abandoning module LinuxTargetPlatform (50)
[2021.06.15-18.29.16:583][ 36]LogModuleManager: Shutting down and abandoning module LinuxServerTargetPlatform (49)
[2021.06.15-18.29.16:583][ 36]LogModuleManager: Shutting down and abandoning module LinuxNoEditorTargetPlatform (48)
[2021.06.15-18.29.16:583][ 36]LogModuleManager: Shutting down and abandoning module LinuxClientTargetPlatform (47)
[2021.06.15-18.29.16:583][ 36]LogModuleManager: Shutting down and abandoning module TVOSTargetPlatform (46)
[2021.06.15-18.29.16:583][ 36]LogModuleManager: Shutting down and abandoning module Messaging (45)
[2021.06.15-18.29.16:583][ 36]LogModuleManager: Shutting down and abandoning module IOSTargetPlatform (44)
[2021.06.15-18.29.16:583][ 36]LogModuleManager: Shutting down and abandoning module HTML5TargetPlatform (43)
[2021.06.15-18.29.16:583][ 36]LogModuleManager: Shutting down and abandoning module Android_PVRTCTargetPlatform (42)
[2021.06.15-18.29.16:583][ 36]LogModuleManager: Shutting down and abandoning module Android_MultiTargetPlatform (41)
[2021.06.15-18.29.16:583][ 36]LogModuleManager: Shutting down and abandoning module Android_ETC2TargetPlatform (40)
[2021.06.15-18.29.16:583][ 36]LogModuleManager: Shutting down and abandoning module Android_ETC1TargetPlatform (39)
[2021.06.15-18.29.16:583][ 36]LogModuleManager: Shutting down and abandoning module Android_DXTTargetPlatform (38)
[2021.06.15-18.29.16:583][ 36]LogModuleManager: Shutting down and abandoning module Android_ATCTargetPlatform (37)
[2021.06.15-18.29.16:583][ 36]LogModuleManager: Shutting down and abandoning module Android_ASTCTargetPlatform (36)
[2021.06.15-18.29.16:583][ 36]LogModuleManager: Shutting down and abandoning module AndroidTargetPlatform (35)
[2021.06.15-18.29.16:583][ 36]LogModuleManager: Shutting down and abandoning module WindowsTargetPlatform (34)
[2021.06.15-18.29.16:583][ 36]LogModuleManager: Shutting down and abandoning module WindowsServerTargetPlatform (33)
[2021.06.15-18.29.16:583][ 36]LogModuleManager: Shutting down and abandoning module WindowsNoEditorTargetPlatform (32)
[2021.06.15-18.29.16:583][ 36]LogModuleManager: Shutting down and abandoning module WindowsClientTargetPlatform (31)
[2021.06.15-18.29.16:583][ 36]LogModuleManager: Shutting down and abandoning module MacTargetPlatform (30)
[2021.06.15-18.29.16:583][ 36]LogModuleManager: Shutting down and abandoning module MacServerTargetPlatform (29)
[2021.06.15-18.29.16:583][ 36]LogModuleManager: Shutting down and abandoning module MacNoEditorTargetPlatform (28)
[2021.06.15-18.29.16:583][ 36]LogModuleManager: Shutting down and abandoning module MacClientTargetPlatform (27)
[2021.06.15-18.29.16:584][ 36]LogModuleManager: Shutting down and abandoning module AllDesktopTargetPlatform (26)
[2021.06.15-18.29.16:584][ 36]LogModuleManager: Shutting down and abandoning module TargetPlatform (25)
[2021.06.15-18.29.16:584][ 36]LogModuleManager: Shutting down and abandoning module InputCore (24)
[2021.06.15-18.29.16:584][ 36]LogModuleManager: Shutting down and abandoning module Settings (23)
[2021.06.15-18.29.16:584][ 36]LogModuleManager: Shutting down and abandoning module OculusRift (22)
[2021.06.15-18.29.16:584][ 36]LogModuleManager: Shutting down and abandoning module ExampleDeviceProfileSelector (21)
[2021.06.15-18.29.16:584][ 36]LogModuleManager: Shutting down and abandoning module OnlineBlueprintSupport (20)
[2021.06.15-18.29.16:584][ 36]LogModuleManager: Shutting down and abandoning module OnlineSubsystem (18)
[2021.06.15-18.29.16:584][ 36]LogOnline:Display: Unloading online subsystem: NULL
[2021.06.15-18.29.16:584][ 36]LogModuleManager: Shutting down and abandoning module SSL (17)
[2021.06.15-18.29.16:585][ 36]LogModuleManager: Shutting down and abandoning module HTTP (16)
[2021.06.15-18.29.16:585][ 36]LogModuleManager: Shutting down and abandoning module XMPP (15)
[2021.06.15-18.29.16:585][ 36]LogModuleManager: Shutting down and abandoning module TextureCompressor (14)
[2021.06.15-18.29.16:585][ 36]LogModuleManager: Shutting down and abandoning module ShaderCore (13)
[2021.06.15-18.29.16:585][ 36]LogModuleManager: Shutting down and abandoning module Landscape (12)
[2021.06.15-18.29.16:585][ 36]LogModuleManager: Shutting down and abandoning module SlateRHIRenderer (11)
[2021.06.15-18.29.16:590][ 36]LogModuleManager: Shutting down and abandoning module OpenGLDrv (10)
[2021.06.15-18.29.16:590][ 36]LogModuleManager: Shutting down and abandoning module D3D11RHI (9)
[2021.06.15-18.29.16:590][ 36]LogModuleManager: Shutting down and abandoning module AnimGraphRuntime (8)
[2021.06.15-18.29.16:590][ 36]LogModuleManager: Shutting down and abandoning module Renderer (7)
[2021.06.15-18.29.16:590][ 36]LogModuleManager: Shutting down and abandoning module Engine (6)
[2021.06.15-18.29.16:590][ 36]LogModuleManager: Shutting down and abandoning module CoreUObject (5)
[2021.06.15-18.29.16:590][ 36]LogModuleManager: Shutting down and abandoning module NetworkFile (4)
[2021.06.15-18.29.16:590][ 36]LogModuleManager: Shutting down and abandoning module StreamingFile (3)
[2021.06.15-18.29.16:590][ 36]LogModuleManager: Shutting down and abandoning module SandboxFile (2)
[2021.06.15-18.29.16:590][ 36]LogModuleManager: Shutting down and abandoning module PakFile (1)
[2021.06.15-18.29.16:593][ 36]LogExit: Exiting.
[2021.06.15-18.29.16:602][ 36]Log file closed, 06/16/21 02:29:16
